#
# A fatal error has been detected by the Java Runtime Environment:
#
#  EXCEPTION_ACCESS_VIOLATION (0xc0000005) at pc=0x000000005c2d0bf0, pid=12376, tid=8912
#
# JRE version: Java(TM) SE Runtime Environment (10.0+46) (build 10+46)
# Java VM: Java HotSpot(TM) 64-Bit Server VM (10+46, mixed mode, tiered, compressed oops, g1 gc, windows-amd64)
# Problematic frame:
# C  [nvoglv64.DLL+0x840bf0]
#
# No core dump will be written. Minidumps are not enabled by default on client versions of Windows
#
# If you would like to submit a bug report, please visit:
#   http://bugreport.java.com/bugreport/crash.jsp
# The crash happened outside the Java Virtual Machine in native code.
# See problematic frame for where to report the bug.
#

---------------  S U M M A R Y ------------

Command Line: -javaagent:C:\Program Files\JetBrains\IntelliJ IDEA Community Edition 2018.1\lib\idea_rt.jar=54551:C:\Program Files\JetBrains\IntelliJ IDEA Community Edition 2018.1\bin -Dfile.encoding=UTF-8 main.Start

Host: Intel(R) Core(TM) i5-2400 CPU @ 3.10GHz, 4 cores, 7G,  Windows 10 , 64 bit Build 16299 (10.0.16299.15)
Time: Wed May 02 01:54:19 2018 RTZ 2 (ceia) elapsed time: 2 seconds (0d 0h 0m 2s)

---------------  T H R E A D  ---------------

Current thread (0x00000155b34af000):  JavaThread "main" [_thread_in_native, id=8912, stack(0x00000037bf500000,0x00000037bf600000)]

Stack: [0x00000037bf500000,0x00000037bf600000],  sp=0x00000037bf5fef70,  free space=1019k
Native frames: (J=compiled Java code, j=interpreted, Vv=VM code, C=native code)
C  [nvoglv64.DLL+0x840bf0]

Java frames: (J=compiled Java code, j=interpreted, Vv=VM code)
j  org.lwjgl.opengl.GL11.nglDrawElements(IIIJ)V+0
j  org.lwjgl.opengl.GL11.glDrawElements(IIIJ)V+4
j  renderers.MeshRenderer.render()V+167
j  main.Application$$Lambda$72.accept(Ljava/lang/Object;)V+4
j  java.util.ArrayList.forEach(Ljava/util/function/Consumer;)V+46 java.base@10
j  main.Application.run()V+124
j  main.Start.main([Ljava/lang/String;)V+7
v  ~StubRoutines::call_stub

siginfo: EXCEPTION_ACCESS_VIOLATION (0xc0000005), reading address 0x0000000000000000


Register to memory mapping:

RIP=0x000000005c2d0bf0 nvoglv64.DLL
RAX=0x0000000000000000 is an unknown value
RBX=0x0000000000000000 is an unknown value
RCX=
[error occurred during error reporting (printing register info), id 0xc0000005]

Registers:
RAX=0x0000000000000000, RBX=0x0000000000000000, RCX=0x00000000fffffbd7, RDX=0x00000155d5c0e490
RSP=0x00000037bf5fef70, RBP=0x0000000000008564, RSI=0x000000000000214e, RDI=0x00000155d6d9d080
R8 =0x0000000000000006, R9 =0x0000000000008538, R10=0x00000155d5c0e474, R11=0x00000155d5c0e48c
R12=0x0000000000000000, R13=0x00000155d5c0e490, R14=0x0000000000000000, R15=0x0000000000000429
RIP=0x000000005c2d0bf0, EFLAGS=0x0000000000010297

Top of Stack: (sp=0x00000037bf5fef70)
0x00000037bf5fef70:   00000155b34af000 00000155b349fa00
0x00000037bf5fef80:   00000037bf5ff618 000000005e0e4633
0x00000037bf5fef90:   00000155b34af000 00000155b1308290
0x00000037bf5fefa0:   00000155b34af660 00000000000003d8
0x00000037bf5fefb0:   00000155d5ee5738 00000155b34af000
0x00000037bf5fefc0:   0000000000000000 0000000000000000
0x00000037bf5fefd0:   00000037bf5ff0d0 00000155d5ee5738
0x00000037bf5fefe0:   0000000000000000 00000155be84a103
0x00000037bf5feff0:   00000155d4c2f5c8 00000155be84f297
0x00000037bf5ff000:   00000037bf5ff090 0000000000008538
0x00000037bf5ff010:   00000155b34af000 00000155d5ee5738
0x00000037bf5ff020:   0000015500001405 0000000000000000
0x00000037bf5ff030:   00000155d4c2f5c8 00000155d4c2f5c8
0x00000037bf5ff040:   00000155be84ef36 00000037bf5ff048
0x00000037bf5ff050:   00000155d5ee5738 00000037bf5ff0d0
0x00000037bf5ff060:   00000155d5f0e430 0000000000000000 

Instructions: (pc=0x000000005c2d0bf0)
0x000000005c2d0bd0:   6f 2d aa 61 26 01 66 0f 6f 5c 24 50 c1 e9 03 ff
0x000000005c2d0be0:   c1 44 8b f9 f7 d9 45 8d 04 c8 66 0f 1f 44 00 00
0x000000005c2d0bf0:   f3 0f 6f 10 f3 0f 6f 48 10 66 0f 6f c2 66 0f eb
0x000000005c2d0c00:   c3 48 83 c0 20 66 0f 6f d8 66 0f eb d9 0f 18 00 



---------------  P R O C E S S  ---------------

Threads class SMR info:
_java_thread_list=0x00000155db59dbf0, length=13, elements={
0x00000155b34af000, 0x00000155d4910000, 0x00000155d4919000, 0x00000155d4928800,
0x00000155d4929000, 0x00000155d492f000, 0x00000155d492f800, 0x00000155d4938800,
0x00000155d4939800, 0x00000155d543e000, 0x00000155d56e6800, 0x00000155d579e800,
0x00000155db71e800
}

Java Threads: ( => current thread )
=>0x00000155b34af000 JavaThread "main" [_thread_in_native, id=8912, stack(0x00000037bf500000,0x00000037bf600000)]
  0x00000155d4910000 JavaThread "Reference Handler" daemon [_thread_blocked, id=12484, stack(0x00000037c0200000,0x00000037c0300000)]
  0x00000155d4919000 JavaThread "Finalizer" daemon [_thread_blocked, id=9288, stack(0x00000037c0300000,0x00000037c0400000)]
  0x00000155d4928800 JavaThread "Signal Dispatcher" daemon [_thread_blocked, id=12384, stack(0x00000037c0500000,0x00000037c0600000)]
  0x00000155d4929000 JavaThread "Attach Listener" daemon [_thread_blocked, id=2980, stack(0x00000037c0600000,0x00000037c0700000)]
  0x00000155d492f000 JavaThread "C2 CompilerThread0" daemon [_thread_blocked, id=4320, stack(0x00000037c0700000,0x00000037c0800000)]
  0x00000155d492f800 JavaThread "C2 CompilerThread1" daemon [_thread_blocked, id=204, stack(0x00000037c0800000,0x00000037c0900000)]
  0x00000155d4938800 JavaThread "C1 CompilerThread2" daemon [_thread_blocked, id=12556, stack(0x00000037c0900000,0x00000037c0a00000)]
  0x00000155d4939800 JavaThread "Sweeper thread" daemon [_thread_blocked, id=2260, stack(0x00000037c0a00000,0x00000037c0b00000)]
  0x00000155d543e000 JavaThread "Common-Cleaner" daemon [_thread_blocked, id=4608, stack(0x00000037c0b00000,0x00000037c0c00000)]
  0x00000155d56e6800 JavaThread "Monitor Ctrl-Break" daemon [_thread_in_native, id=12520, stack(0x00000037c0c00000,0x00000037c0d00000)]
  0x00000155d579e800 JavaThread "Service Thread" daemon [_thread_blocked, id=6560, stack(0x00000037c0d00000,0x00000037c0e00000)]
  0x00000155db71e800 JavaThread "Java2D Disposer" daemon [_thread_blocked, id=12488, stack(0x00000037c1a00000,0x00000037c1b00000)]

Other Threads:
  0x00000155d490d800 VMThread "VM Thread" [stack: 0x00000037c0100000,0x00000037c0200000] [id=3052]
  0x00000155d5624000 WatcherThread [stack: 0x00000037c0e00000,0x00000037c0f00000] [id=2432]
  0x00000155b34ca000 GCTaskThread "GC Thread#0" [stack: 0x00000037bf600000,0x00000037bf700000] [id=9564]
  0x00000155b34cc800 GCTaskThread "GC Thread#1" [stack: 0x00000037bf700000,0x00000037bf800000] [id=9520]
  0x00000155b34ce000 GCTaskThread "GC Thread#2" [stack: 0x00000037bf800000,0x00000037bf900000] [id=6864]
  0x00000155b34d0800 GCTaskThread "GC Thread#3" [stack: 0x00000037bf900000,0x00000037bfa00000] [id=8428]
  0x00000155b3549800 ConcurrentGCThread "G1 Main Marker" [stack: 0x00000037bfa00000,0x00000037bfb00000] [id=4484]
  0x00000155b354c000 ConcurrentGCThread "G1 Conc#0" [stack: 0x00000037bfb00000,0x00000037bfc00000] [id=316]
  0x00000155d478f800 ConcurrentGCThread "G1 Refine#0" [stack: 0x00000037bfc00000,0x00000037bfd00000] [id=10436]
  0x00000155d4790000 ConcurrentGCThread "G1 Refine#1" [stack: 0x00000037bfd00000,0x00000037bfe00000] [id=12480]
  0x00000155d4791000 ConcurrentGCThread "G1 Refine#2" [stack: 0x00000037bfe00000,0x00000037bff00000] [id=3120]
  0x00000155d4792000 ConcurrentGCThread "G1 Refine#3" [stack: 0x00000037bff00000,0x00000037c0000000] [id=8580]
  0x00000155d47a5000 ConcurrentGCThread "G1 Young RemSet Sampling" [stack: 0x00000037c0000000,0x00000037c0100000] [id=968]

Threads with active compile tasks:

VM state:not at safepoint (normal execution)

VM Mutex/Monitor currently owned by a thread: None

Heap address: 0x0000000080400000, size: 2044 MB, Compressed Oops mode: 32-bit
Narrow klass base: 0x0000000000000000, Narrow klass shift: 3
Compressed class space size: 1073741824 Address: 0x0000000100000000

Heap:
 garbage-first heap   total 131072K, used 42937K [0x0000000080400000, 0x0000000100000000)
  region size 1024K, 43 young (44032K), 5 survivors (5120K)
 Metaspace       used 17032K, capacity 17327K, committed 17664K, reserved 1064960K
  class space    used 1363K, capacity 1486K, committed 1536K, reserved 1048576K
Heap Regions: E=young(eden), S=young(survivor), O=old, HS=humongous(starts), HC=humongous(continues), CS=collection set, F=free, A=archive, TS=gc time stamp, AC=allocation context, TAMS=top-at-mark-start (previous, next)
|   0|0x0000000080400000, 0x0000000080458200, 0x0000000080500000| 34%| O|  |TS  2|AC  0|TAMS 0x0000000080400000, 0x0000000080400000|
|   1|0x0000000080500000, 0x0000000080500000, 0x0000000080600000|  0%| F|  |TS  0|AC  0|TAMS 0x0000000080500000, 0x0000000080500000|
|   2|0x0000000080600000, 0x0000000080600000, 0x0000000080700000|  0%| F|  |TS  0|AC  0|TAMS 0x0000000080600000, 0x0000000080600000|
|   3|0x0000000080700000, 0x0000000080700000, 0x0000000080800000|  0%| F|  |TS  0|AC  0|TAMS 0x0000000080700000, 0x0000000080700000|
|   4|0x0000000080800000, 0x0000000080800000, 0x0000000080900000|  0%| F|  |TS  0|AC  0|TAMS 0x0000000080800000, 0x0000000080800000|
|   5|0x0000000080900000, 0x0000000080900000, 0x0000000080a00000|  0%| F|  |TS  0|AC  0|TAMS 0x0000000080900000, 0x0000000080900000|
|   6|0x0000000080a00000, 0x0000000080a00000, 0x0000000080b00000|  0%| F|  |TS  0|AC  0|TAMS 0x0000000080a00000, 0x0000000080a00000|
|   7|0x0000000080b00000, 0x0000000080b00000, 0x0000000080c00000|  0%| F|  |TS  0|AC  0|TAMS 0x0000000080b00000, 0x0000000080b00000|
|   8|0x0000000080c00000, 0x0000000080c00000, 0x0000000080d00000|  0%| F|  |TS  0|AC  0|TAMS 0x0000000080c00000, 0x0000000080c00000|
|   9|0x0000000080d00000, 0x0000000080d00000, 0x0000000080e00000|  0%| F|  |TS  0|AC  0|TAMS 0x0000000080d00000, 0x0000000080d00000|
|  10|0x0000000080e00000, 0x0000000080e00000, 0x0000000080f00000|  0%| F|  |TS  0|AC  0|TAMS 0x0000000080e00000, 0x0000000080e00000|
|  11|0x0000000080f00000, 0x0000000080f00000, 0x0000000081000000|  0%| F|  |TS  0|AC  0|TAMS 0x0000000080f00000, 0x0000000080f00000|
|  12|0x0000000081000000, 0x0000000081000000, 0x0000000081100000|  0%| F|  |TS  0|AC  0|TAMS 0x0000000081000000, 0x0000000081000000|
|  13|0x0000000081100000, 0x0000000081100000, 0x0000000081200000|  0%| F|  |TS  0|AC  0|TAMS 0x0000000081100000, 0x0000000081100000|
|  14|0x0000000081200000, 0x0000000081200000, 0x0000000081300000|  0%| F|  |TS  0|AC  0|TAMS 0x0000000081200000, 0x0000000081200000|
|  15|0x0000000081300000, 0x0000000081300000, 0x0000000081400000|  0%| F|  |TS  0|AC  0|TAMS 0x0000000081300000, 0x0000000081300000|
|  16|0x0000000081400000, 0x0000000081400000, 0x0000000081500000|  0%| F|  |TS  0|AC  0|TAMS 0x0000000081400000, 0x0000000081400000|
|  17|0x0000000081500000, 0x0000000081500000, 0x0000000081600000|  0%| F|  |TS  0|AC  0|TAMS 0x0000000081500000, 0x0000000081500000|
|  18|0x0000000081600000, 0x0000000081600000, 0x0000000081700000|  0%| F|  |TS  0|AC  0|TAMS 0x0000000081600000, 0x0000000081600000|
|  19|0x0000000081700000, 0x0000000081700000, 0x0000000081800000|  0%| F|  |TS  0|AC  0|TAMS 0x0000000081700000, 0x0000000081700000|
|  20|0x0000000081800000, 0x0000000081800000, 0x0000000081900000|  0%| F|  |TS  0|AC  0|TAMS 0x0000000081800000, 0x0000000081800000|
|  21|0x0000000081900000, 0x0000000081900000, 0x0000000081a00000|  0%| F|  |TS  0|AC  0|TAMS 0x0000000081900000, 0x0000000081900000|
|  22|0x0000000081a00000, 0x0000000081a00000, 0x0000000081b00000|  0%| F|  |TS  0|AC  0|TAMS 0x0000000081a00000, 0x0000000081a00000|
|  23|0x0000000081b00000, 0x0000000081b00000, 0x0000000081c00000|  0%| F|  |TS  0|AC  0|TAMS 0x0000000081b00000, 0x0000000081b00000|
|  24|0x0000000081c00000, 0x0000000081c00000, 0x0000000081d00000|  0%| F|  |TS  0|AC  0|TAMS 0x0000000081c00000, 0x0000000081c00000|
|  25|0x0000000081d00000, 0x0000000081d00000, 0x0000000081e00000|  0%| F|  |TS  0|AC  0|TAMS 0x0000000081d00000, 0x0000000081d00000|
|  26|0x0000000081e00000, 0x0000000081e00000, 0x0000000081f00000|  0%| F|  |TS  0|AC  0|TAMS 0x0000000081e00000, 0x0000000081e00000|
|  27|0x0000000081f00000, 0x0000000081f00000, 0x0000000082000000|  0%| F|  |TS  0|AC  0|TAMS 0x0000000081f00000, 0x0000000081f00000|
|  28|0x0000000082000000, 0x0000000082000000, 0x0000000082100000|  0%| F|  |TS  0|AC  0|TAMS 0x0000000082000000, 0x0000000082000000|
|  29|0x0000000082100000, 0x0000000082100000, 0x0000000082200000|  0%| F|  |TS  0|AC  0|TAMS 0x0000000082100000, 0x0000000082100000|
|  30|0x0000000082200000, 0x0000000082200000, 0x0000000082300000|  0%| F|  |TS  0|AC  0|TAMS 0x0000000082200000, 0x0000000082200000|
|  31|0x0000000082300000, 0x0000000082300000, 0x0000000082400000|  0%| F|  |TS  0|AC  0|TAMS 0x0000000082300000, 0x0000000082300000|
|  32|0x0000000082400000, 0x0000000082400000, 0x0000000082500000|  0%| F|  |TS  0|AC  0|TAMS 0x0000000082400000, 0x0000000082400000|
|  33|0x0000000082500000, 0x0000000082500000, 0x0000000082600000|  0%| F|  |TS  0|AC  0|TAMS 0x0000000082500000, 0x0000000082500000|
|  34|0x0000000082600000, 0x0000000082600000, 0x0000000082700000|  0%| F|  |TS  0|AC  0|TAMS 0x0000000082600000, 0x0000000082600000|
|  35|0x0000000082700000, 0x0000000082700000, 0x0000000082800000|  0%| F|  |TS  0|AC  0|TAMS 0x0000000082700000, 0x0000000082700000|
|  36|0x0000000082800000, 0x0000000082800000, 0x0000000082900000|  0%| F|  |TS  0|AC  0|TAMS 0x0000000082800000, 0x0000000082800000|
|  37|0x0000000082900000, 0x0000000082900000, 0x0000000082a00000|  0%| F|  |TS  0|AC  0|TAMS 0x0000000082900000, 0x0000000082900000|
|  38|0x0000000082a00000, 0x0000000082a00000, 0x0000000082b00000|  0%| F|  |TS  0|AC  0|TAMS 0x0000000082a00000, 0x0000000082a00000|
|  39|0x0000000082b00000, 0x0000000082b00000, 0x0000000082c00000|  0%| F|  |TS  0|AC  0|TAMS 0x0000000082b00000, 0x0000000082b00000|
|  40|0x0000000082c00000, 0x0000000082c00000, 0x0000000082d00000|  0%| F|  |TS  0|AC  0|TAMS 0x0000000082c00000, 0x0000000082c00000|
|  41|0x0000000082d00000, 0x0000000082d00000, 0x0000000082e00000|  0%| F|  |TS  0|AC  0|TAMS 0x0000000082d00000, 0x0000000082d00000|
|  42|0x0000000082e00000, 0x0000000082e00000, 0x0000000082f00000|  0%| F|  |TS  0|AC  0|TAMS 0x0000000082e00000, 0x0000000082e00000|
|  43|0x0000000082f00000, 0x0000000082f00000, 0x0000000083000000|  0%| F|  |TS  0|AC  0|TAMS 0x0000000082f00000, 0x0000000082f00000|
|  44|0x0000000083000000, 0x0000000083000000, 0x0000000083100000|  0%| F|  |TS  0|AC  0|TAMS 0x0000000083000000, 0x0000000083000000|
|  45|0x0000000083100000, 0x0000000083100000, 0x0000000083200000|  0%| F|  |TS  0|AC  0|TAMS 0x0000000083100000, 0x0000000083100000|
|  46|0x0000000083200000, 0x0000000083200000, 0x0000000083300000|  0%| F|  |TS  0|AC  0|TAMS 0x0000000083200000, 0x0000000083200000|
|  47|0x0000000083300000, 0x00000000833962c8, 0x0000000083400000| 58%| S|CS|TS  2|AC  0|TAMS 0x0000000083300000, 0x0000000083300000|
|  48|0x0000000083400000, 0x0000000083500000, 0x0000000083500000|100%| S|CS|TS  2|AC  0|TAMS 0x0000000083400000, 0x0000000083400000|
|  49|0x0000000083500000, 0x0000000083600000, 0x0000000083600000|100%| S|CS|TS  2|AC  0|TAMS 0x0000000083500000, 0x0000000083500000|
|  50|0x0000000083600000, 0x0000000083700000, 0x0000000083700000|100%| S|CS|TS  2|AC  0|TAMS 0x0000000083600000, 0x0000000083600000|
|  51|0x0000000083700000, 0x0000000083800000, 0x0000000083800000|100%| S|CS|TS  2|AC  0|TAMS 0x0000000083700000, 0x0000000083700000|
|  52|0x0000000083800000, 0x0000000083800000, 0x0000000083900000|  0%| F|  |TS  2|AC  0|TAMS 0x0000000083800000, 0x0000000083800000|
|  53|0x0000000083900000, 0x0000000083900000, 0x0000000083a00000|  0%| F|  |TS  2|AC  0|TAMS 0x0000000083900000, 0x0000000083900000|
|  54|0x0000000083a00000, 0x0000000083a00000, 0x0000000083b00000|  0%| F|  |TS  2|AC  0|TAMS 0x0000000083a00000, 0x0000000083a00000|
|  55|0x0000000083b00000, 0x0000000083b00000, 0x0000000083c00000|  0%| F|  |TS  2|AC  0|TAMS 0x0000000083b00000, 0x0000000083b00000|
|  56|0x0000000083c00000, 0x0000000083c00000, 0x0000000083d00000|  0%| F|  |TS  2|AC  0|TAMS 0x0000000083c00000, 0x0000000083c00000|
|  57|0x0000000083d00000, 0x0000000083d00000, 0x0000000083e00000|  0%| F|  |TS  2|AC  0|TAMS 0x0000000083d00000, 0x0000000083d00000|
|  58|0x0000000083e00000, 0x0000000083e00000, 0x0000000083f00000|  0%| F|  |TS  2|AC  0|TAMS 0x0000000083e00000, 0x0000000083e00000|
|  59|0x0000000083f00000, 0x0000000083f00000, 0x0000000084000000|  0%| F|  |TS  2|AC  0|TAMS 0x0000000083f00000, 0x0000000083f00000|
|  60|0x0000000084000000, 0x0000000084000000, 0x0000000084100000|  0%| F|  |TS  2|AC  0|TAMS 0x0000000084000000, 0x0000000084000000|
|  61|0x0000000084100000, 0x0000000084100000, 0x0000000084200000|  0%| F|  |TS  2|AC  0|TAMS 0x0000000084100000, 0x0000000084100000|
|  62|0x0000000084200000, 0x0000000084200000, 0x0000000084300000|  0%| F|  |TS  2|AC  0|TAMS 0x0000000084200000, 0x0000000084200000|
|  63|0x0000000084300000, 0x0000000084300000, 0x0000000084400000|  0%| F|  |TS  2|AC  0|TAMS 0x0000000084300000, 0x0000000084300000|
|  64|0x0000000084400000, 0x0000000084400000, 0x0000000084500000|  0%| F|  |TS  2|AC  0|TAMS 0x0000000084400000, 0x0000000084400000|
|  65|0x0000000084500000, 0x0000000084500000, 0x0000000084600000|  0%| F|  |TS  2|AC  0|TAMS 0x0000000084500000, 0x0000000084500000|
|  66|0x0000000084600000, 0x0000000084600000, 0x0000000084700000|  0%| F|  |TS  2|AC  0|TAMS 0x0000000084600000, 0x0000000084600000|
|  67|0x0000000084700000, 0x0000000084700000, 0x0000000084800000|  0%| F|  |TS  2|AC  0|TAMS 0x0000000084700000, 0x0000000084700000|
|  68|0x0000000084800000, 0x0000000084800000, 0x0000000084900000|  0%| F|  |TS  2|AC  0|TAMS 0x0000000084800000, 0x0000000084800000|
|  69|0x0000000084900000, 0x0000000084900000, 0x0000000084a00000|  0%| F|  |TS  2|AC  0|TAMS 0x0000000084900000, 0x0000000084900000|
|  70|0x0000000084a00000, 0x0000000084a00000, 0x0000000084b00000|  0%| F|  |TS  2|AC  0|TAMS 0x0000000084a00000, 0x0000000084a00000|
|  71|0x0000000084b00000, 0x0000000084b00000, 0x0000000084c00000|  0%| F|  |TS  2|AC  0|TAMS 0x0000000084b00000, 0x0000000084b00000|
|  72|0x0000000084c00000, 0x0000000084c00000, 0x0000000084d00000|  0%| F|  |TS  2|AC  0|TAMS 0x0000000084c00000, 0x0000000084c00000|
|  73|0x0000000084d00000, 0x0000000084d00000, 0x0000000084e00000|  0%| F|  |TS  2|AC  0|TAMS 0x0000000084d00000, 0x0000000084d00000|
|  74|0x0000000084e00000, 0x0000000084e00000, 0x0000000084f00000|  0%| F|  |TS  2|AC  0|TAMS 0x0000000084e00000, 0x0000000084e00000|
|  75|0x0000000084f00000, 0x0000000084f00000, 0x0000000085000000|  0%| F|  |TS  2|AC  0|TAMS 0x0000000084f00000, 0x0000000084f00000|
|  76|0x0000000085000000, 0x0000000085000000, 0x0000000085100000|  0%| F|  |TS  2|AC  0|TAMS 0x0000000085000000, 0x0000000085000000|
|  77|0x0000000085100000, 0x0000000085100000, 0x0000000085200000|  0%| F|  |TS  2|AC  0|TAMS 0x0000000085100000, 0x0000000085100000|
|  78|0x0000000085200000, 0x0000000085200000, 0x0000000085300000|  0%| F|  |TS  2|AC  0|TAMS 0x0000000085200000, 0x0000000085200000|
|  79|0x0000000085300000, 0x0000000085300000, 0x0000000085400000|  0%| F|  |TS  2|AC  0|TAMS 0x0000000085300000, 0x0000000085300000|
|  80|0x0000000085400000, 0x0000000085400000, 0x0000000085500000|  0%| F|  |TS  2|AC  0|TAMS 0x0000000085400000, 0x0000000085400000|
|  81|0x0000000085500000, 0x0000000085500000, 0x0000000085600000|  0%| F|  |TS  2|AC  0|TAMS 0x0000000085500000, 0x0000000085500000|
|  82|0x0000000085600000, 0x0000000085600000, 0x0000000085700000|  0%| F|  |TS  2|AC  0|TAMS 0x0000000085600000, 0x0000000085600000|
|  83|0x0000000085700000, 0x0000000085700000, 0x0000000085800000|  0%| F|  |TS  2|AC  0|TAMS 0x0000000085700000, 0x0000000085700000|
|  84|0x0000000085800000, 0x0000000085800000, 0x0000000085900000|  0%| F|  |TS  2|AC  0|TAMS 0x0000000085800000, 0x0000000085800000|
|  85|0x0000000085900000, 0x0000000085900000, 0x0000000085a00000|  0%| F|  |TS  2|AC  0|TAMS 0x0000000085900000, 0x0000000085900000|
|  86|0x0000000085a00000, 0x0000000085a00000, 0x0000000085b00000|  0%| F|  |TS  2|AC  0|TAMS 0x0000000085a00000, 0x0000000085a00000|
|  87|0x0000000085b00000, 0x0000000085b00000, 0x0000000085c00000|  0%| F|  |TS  2|AC  0|TAMS 0x0000000085b00000, 0x0000000085b00000|
|  88|0x0000000085c00000, 0x0000000085c00000, 0x0000000085d00000|  0%| F|  |TS  2|AC  0|TAMS 0x0000000085c00000, 0x0000000085c00000|
|  89|0x0000000085d00000, 0x0000000085d00000, 0x0000000085e00000|  0%| F|  |TS  2|AC  0|TAMS 0x0000000085d00000, 0x0000000085d00000|
|  90|0x0000000085e00000, 0x0000000085e80800, 0x0000000085f00000| 50%| E|  |TS  2|AC  0|TAMS 0x0000000085e00000, 0x0000000085e00000|
|  91|0x0000000085f00000, 0x0000000086000000, 0x0000000086000000|100%| E|CS|TS  2|AC  0|TAMS 0x0000000085f00000, 0x0000000085f00000|
|  92|0x0000000086000000, 0x0000000086100000, 0x0000000086100000|100%| E|CS|TS  2|AC  0|TAMS 0x0000000086000000, 0x0000000086000000|
|  93|0x0000000086100000, 0x0000000086200000, 0x0000000086200000|100%| E|CS|TS  2|AC  0|TAMS 0x0000000086100000, 0x0000000086100000|
|  94|0x0000000086200000, 0x0000000086300000, 0x0000000086300000|100%| E|CS|TS  2|AC  0|TAMS 0x0000000086200000, 0x0000000086200000|
|  95|0x0000000086300000, 0x0000000086400000, 0x0000000086400000|100%| E|CS|TS  2|AC  0|TAMS 0x0000000086300000, 0x0000000086300000|
|  96|0x0000000086400000, 0x0000000086500000, 0x0000000086500000|100%| E|CS|TS  2|AC  0|TAMS 0x0000000086400000, 0x0000000086400000|
|  97|0x0000000086500000, 0x0000000086600000, 0x0000000086600000|100%| E|CS|TS  2|AC  0|TAMS 0x0000000086500000, 0x0000000086500000|
|  98|0x0000000086600000, 0x0000000086700000, 0x0000000086700000|100%| E|CS|TS  2|AC  0|TAMS 0x0000000086600000, 0x0000000086600000|
|  99|0x0000000086700000, 0x0000000086800000, 0x0000000086800000|100%| E|CS|TS  2|AC  0|TAMS 0x0000000086700000, 0x0000000086700000|
| 100|0x0000000086800000, 0x0000000086900000, 0x0000000086900000|100%| E|CS|TS  2|AC  0|TAMS 0x0000000086800000, 0x0000000086800000|
| 101|0x0000000086900000, 0x0000000086a00000, 0x0000000086a00000|100%| E|CS|TS  2|AC  0|TAMS 0x0000000086900000, 0x0000000086900000|
| 102|0x0000000086a00000, 0x0000000086b00000, 0x0000000086b00000|100%| E|CS|TS  2|AC  0|TAMS 0x0000000086a00000, 0x0000000086a00000|
| 103|0x0000000086b00000, 0x0000000086c00000, 0x0000000086c00000|100%| E|CS|TS  2|AC  0|TAMS 0x0000000086b00000, 0x0000000086b00000|
| 104|0x0000000086c00000, 0x0000000086d00000, 0x0000000086d00000|100%| E|CS|TS  2|AC  0|TAMS 0x0000000086c00000, 0x0000000086c00000|
| 105|0x0000000086d00000, 0x0000000086e00000, 0x0000000086e00000|100%| E|CS|TS  2|AC  0|TAMS 0x0000000086d00000, 0x0000000086d00000|
| 106|0x0000000086e00000, 0x0000000086f00000, 0x0000000086f00000|100%| E|CS|TS  2|AC  0|TAMS 0x0000000086e00000, 0x0000000086e00000|
| 107|0x0000000086f00000, 0x0000000087000000, 0x0000000087000000|100%| E|CS|TS  2|AC  0|TAMS 0x0000000086f00000, 0x0000000086f00000|
| 108|0x0000000087000000, 0x0000000087100000, 0x0000000087100000|100%| E|CS|TS  2|AC  0|TAMS 0x0000000087000000, 0x0000000087000000|
| 109|0x0000000087100000, 0x0000000087200000, 0x0000000087200000|100%| E|CS|TS  2|AC  0|TAMS 0x0000000087100000, 0x0000000087100000|
| 110|0x0000000087200000, 0x0000000087300000, 0x0000000087300000|100%| E|CS|TS  2|AC  0|TAMS 0x0000000087200000, 0x0000000087200000|
| 111|0x0000000087300000, 0x0000000087400000, 0x0000000087400000|100%| E|CS|TS  2|AC  0|TAMS 0x0000000087300000, 0x0000000087300000|
| 112|0x0000000087400000, 0x0000000087500000, 0x0000000087500000|100%| E|CS|TS  2|AC  0|TAMS 0x0000000087400000, 0x0000000087400000|
| 113|0x0000000087500000, 0x0000000087600000, 0x0000000087600000|100%| E|CS|TS  2|AC  0|TAMS 0x0000000087500000, 0x0000000087500000|
| 114|0x0000000087600000, 0x0000000087700000, 0x0000000087700000|100%| E|CS|TS  2|AC  0|TAMS 0x0000000087600000, 0x0000000087600000|
| 115|0x0000000087700000, 0x0000000087800000, 0x0000000087800000|100%| E|CS|TS  2|AC  0|TAMS 0x0000000087700000, 0x0000000087700000|
| 116|0x0000000087800000, 0x0000000087900000, 0x0000000087900000|100%| E|CS|TS  2|AC  0|TAMS 0x0000000087800000, 0x0000000087800000|
| 117|0x0000000087900000, 0x0000000087a00000, 0x0000000087a00000|100%| E|CS|TS  2|AC  0|TAMS 0x0000000087900000, 0x0000000087900000|
| 118|0x0000000087a00000, 0x0000000087b00000, 0x0000000087b00000|100%| E|CS|TS  2|AC  0|TAMS 0x0000000087a00000, 0x0000000087a00000|
| 119|0x0000000087b00000, 0x0000000087c00000, 0x0000000087c00000|100%| E|CS|TS  2|AC  0|TAMS 0x0000000087b00000, 0x0000000087b00000|
| 120|0x0000000087c00000, 0x0000000087d00000, 0x0000000087d00000|100%| E|CS|TS  2|AC  0|TAMS 0x0000000087c00000, 0x0000000087c00000|
| 121|0x0000000087d00000, 0x0000000087e00000, 0x0000000087e00000|100%| E|CS|TS  2|AC  0|TAMS 0x0000000087d00000, 0x0000000087d00000|
| 122|0x0000000087e00000, 0x0000000087f00000, 0x0000000087f00000|100%| E|CS|TS  2|AC  0|TAMS 0x0000000087e00000, 0x0000000087e00000|
| 123|0x0000000087f00000, 0x0000000088000000, 0x0000000088000000|100%| E|CS|TS  2|AC  0|TAMS 0x0000000087f00000, 0x0000000087f00000|
| 124|0x0000000088000000, 0x0000000088100000, 0x0000000088100000|100%| E|CS|TS  2|AC  0|TAMS 0x0000000088000000, 0x0000000088000000|
| 125|0x0000000088100000, 0x0000000088200000, 0x0000000088200000|100%| E|CS|TS  2|AC  0|TAMS 0x0000000088100000, 0x0000000088100000|
| 126|0x0000000088200000, 0x0000000088300000, 0x0000000088300000|100%| E|CS|TS  2|AC  0|TAMS 0x0000000088200000, 0x0000000088200000|
| 127|0x0000000088300000, 0x0000000088400000, 0x0000000088400000|100%| E|CS|TS  2|AC  0|TAMS 0x0000000088300000, 0x0000000088300000|

Card table byte_map: [0x00000155cdc40000,0x00000155ce040000] byte_map_base: 0x00000155cd83e000

Marking Bits (Prev, Next): (CMBitMap*) 0x00000155b3548c40, (CMBitMap*) 0x00000155b3548c78
 Prev Bits: [0x00000155ce440000, 0x00000155d0430000)
 Next Bits: [0x00000155d0430000, 0x00000155d2420000)

Polling page: 0x00000155af1c0000

CodeHeap 'non-profiled nmethods': size=120064Kb used=743Kb max_used=743Kb free=119320Kb
 bounds [0x00000155c6300000, 0x00000155c6570000, 0x00000155cd840000]
CodeHeap 'profiled nmethods': size=120000Kb used=3178Kb max_used=3178Kb free=116821Kb
 bounds [0x00000155bedd0000, 0x00000155bf0f0000, 0x00000155c6300000]
CodeHeap 'non-nmethods': size=5696Kb used=1503Kb max_used=1536Kb free=4192Kb
 bounds [0x00000155be840000, 0x00000155beab0000, 0x00000155bedd0000]
 total_blobs=3077 nmethods=1596 adapters=943
 compilation: enabled

Compilation events (10 events):
Event: 1.965 Thread 0x00000155d492f800 nmethod 1598 0x00000155c63b7d90 code [0x00000155c63b7f40, 0x00000155c63b8038]
Event: 1.965 Thread 0x00000155d492f800 1600       4       renderers.MeshRenderer::lambda$getVertexBuffer$2 (219 bytes)
Event: 1.969 Thread 0x00000155d4938800 1602       3       jdk.internal.misc.Unsafe::checkSize (32 bytes)
Event: 1.969 Thread 0x00000155d4938800 nmethod 1602 0x00000155bf0e9310 code [0x00000155bf0e94e0, 0x00000155bf0e97b0]
Event: 1.970 Thread 0x00000155d492f000 nmethod 1599 0x00000155c63b8190 code [0x00000155c63b8380, 0x00000155c63b8918]
Event: 1.970 Thread 0x00000155d492f000 1601       4       renderers.MeshRenderer$$Lambda$69/391630194::apply (8 bytes)
Event: 1.970 Thread 0x00000155d492f800 nmethod 1600 0x00000155c63b8e90 code [0x00000155c63b9080, 0x00000155c63b9598]
Event: 1.972 Thread 0x00000155d492f000 nmethod 1601 0x00000155c63b9b10 code [0x00000155c63b9cc0, 0x00000155c63b9e18]
Event: 1.972 Thread 0x00000155d4938800 1603       3       java.lang.ClassLoader::checkPackageAccess (102 bytes)
Event: 1.973 Thread 0x00000155d4938800 nmethod 1603 0x00000155bf0e9890 code [0x00000155bf0e9b40, 0x00000155bf0ea690]

GC Heap History (4 events):
Event: 1.187 GC heap before
{Heap before GC invocations=0 (full 0):
 garbage-first heap   total 131072K, used 14336K [0x0000000080400000, 0x0000000100000000)
  region size 1024K, 14 young (14336K), 0 survivors (0K)
 Metaspace       used 12340K, capacity 12519K, committed 12800K, reserved 1060864K
  class space    used 904K, capacity 971K, committed 1024K, reserved 1048576K
}
Event: 1.191 GC heap after
{Heap after GC invocations=1 (full 0):
 garbage-first heap   total 131072K, used 2400K [0x0000000080400000, 0x0000000100000000)
  region size 1024K, 2 young (2048K), 2 survivors (2048K)
 Metaspace       used 12340K, capacity 12519K, committed 12800K, reserved 1060864K
  class space    used 904K, capacity 971K, committed 1024K, reserved 1048576K
}
Event: 1.889 GC heap before
{Heap before GC invocations=1 (full 0):
 garbage-first heap   total 131072K, used 78176K [0x0000000080400000, 0x0000000100000000)
  region size 1024K, 76 young (77824K), 2 survivors (2048K)
 Metaspace       used 16920K, capacity 17224K, committed 17408K, reserved 1064960K
  class space    used 1347K, capacity 1472K, committed 1536K, reserved 1048576K
}
Event: 1.895 GC heap after
{Heap after GC invocations=2 (full 0):
 garbage-first heap   total 131072K, used 5049K [0x0000000080400000, 0x0000000100000000)
  region size 1024K, 5 young (5120K), 5 survivors (5120K)
 Metaspace       used 16920K, capacity 17224K, committed 17408K, reserved 1064960K
  class space    used 1347K, capacity 1472K, committed 1536K, reserved 1048576K
}

Deoptimization events (10 events):
Event: 1.950 Thread 0x00000155b34af000 Uncommon trap: reason=bimorphic_or_optimized_type_check action=maybe_recompile pc=0x00000155c63993f4 method=java.util.Spliterator.getExactSizeIfKnown()J @ 1 c2
Event: 1.950 Thread 0x00000155b34af000 Uncommon trap: reason=bimorphic_or_optimized_type_check action=maybe_recompile pc=0x00000155c6351478 method=java.util.concurrent.ConcurrentHashMap.get(Ljava/lang/Object;)Ljava/lang/Object; @ 149 c2
Event: 1.951 Thread 0x00000155b34af000 Uncommon trap: reason=bimorphic_or_optimized_type_check action=maybe_recompile pc=0x00000155c6398be0 method=java.util.stream.AbstractPipeline.copyInto(Ljava/util/stream/Sink;Ljava/util/Spliterator;)V @ 25 c2
Event: 1.954 Thread 0x00000155b34af000 Uncommon trap: reason=bimorphic_or_optimized_type_check action=maybe_recompile pc=0x00000155c6398608 method=java.util.stream.StreamOpFlag.fromCharacteristics(Ljava/util/Spliterator;)I @ 1 c2
Event: 1.960 Thread 0x00000155b34af000 Uncommon trap: reason=bimorphic_or_optimized_type_check action=maybe_recompile pc=0x00000155c6398608 method=java.util.stream.StreamOpFlag.fromCharacteristics(Ljava/util/Spliterator;)I @ 1 c2
Event: 1.961 Thread 0x00000155b34af000 Uncommon trap: reason=class_check action=maybe_recompile pc=0x00000155c63a0ee0 method=java.util.stream.AbstractPipeline.exactOutputSizeIfKnown(Ljava/util/Spliterator;)J @ 14 c2
Event: 1.961 Thread 0x00000155b34af000 Uncommon trap: reason=bimorphic_or_optimized_type_check action=maybe_recompile pc=0x00000155c63993f4 method=java.util.Spliterator.getExactSizeIfKnown()J @ 1 c2
Event: 1.962 Thread 0x00000155b34af000 Uncommon trap: reason=class_check action=maybe_recompile pc=0x00000155c63a0ee0 method=java.util.stream.AbstractPipeline.exactOutputSizeIfKnown(Ljava/util/Spliterator;)J @ 14 c2
Event: 1.962 Thread 0x00000155b34af000 Uncommon trap: reason=class_check action=maybe_recompile pc=0x00000155c63a0ee0 method=java.util.stream.AbstractPipeline.exactOutputSizeIfKnown(Ljava/util/Spliterator;)J @ 14 c2
Event: 1.963 Thread 0x00000155b34af000 Uncommon trap: reason=class_check action=maybe_recompile pc=0x00000155c639f6d0 method=java.util.stream.AbstractPipeline.exactOutputSizeIfKnown(Ljava/util/Spliterator;)J @ 14 c2

Classes redefined (0 events):
No events

Internal exceptions (10 events):
Event: 1.341 Thread 0x00000155b34af000 Exception <a 'java/lang/NoSuchMethodError'{0x00000000881e04a0}: method resolution failed> (0x00000000881e04a0) thrown at [t:/workspace/open/src/hotspot/share/prims/methodHandles.cpp, line 1226]
Event: 1.343 Thread 0x00000155b34af000 Exception <a 'java/lang/NoSuchMethodError'{0x00000000881f8240}: method resolution failed> (0x00000000881f8240) thrown at [t:/workspace/open/src/hotspot/share/prims/methodHandles.cpp, line 1226]
Event: 1.345 Thread 0x00000155b34af000 Exception <a 'java/lang/NoSuchMethodError'{0x0000000088011e00}: method resolution failed> (0x0000000088011e00) thrown at [t:/workspace/open/src/hotspot/share/prims/methodHandles.cpp, line 1226]
Event: 1.346 Thread 0x00000155b34af000 Exception <a 'java/io/FileNotFoundException'{0x000000008801b710}> (0x000000008801b710) thrown at [t:/workspace/open/src/hotspot/share/prims/jni.cpp, line 611]
Event: 1.408 Thread 0x00000155b34af000 Exception <a 'java/lang/NoSuchMethodError'{0x0000000087f06d30}: method resolution failed> (0x0000000087f06d30) thrown at [t:/workspace/open/src/hotspot/share/prims/methodHandles.cpp, line 1226]
Event: 1.414 Thread 0x00000155b34af000 Exception <a 'java/lang/NoSuchMethodError'{0x0000000087f35cb8}: java.lang.invoke.DirectMethodHandle$Holder.invokeStatic(Ljava/lang/Object;Ljava/lang/Object;Ljava/lang/Object;)V> (0x0000000087f35cb8) thrown at [t:/workspace/open/src/hotspot/share/interpret
Event: 1.438 Thread 0x00000155b34af000 Exception <a 'java/lang/NoSuchMethodError'{0x0000000087f4b648}: java.lang.invoke.DirectMethodHandle$Holder.invokeStatic(Ljava/lang/Object;Ljava/lang/Object;)D> (0x0000000087f4b648) thrown at [t:/workspace/open/src/hotspot/share/interpreter/linkResolver.cp
Event: 1.550 Thread 0x00000155b34af000 Exception <a 'java/lang/NoSuchMethodError'{0x0000000086f0e6c8}: java.lang.invoke.DirectMethodHandle$Holder.invokeStatic(Ljava/lang/Object;Ljava/lang/Object;Ljava/lang/Object;)I> (0x0000000086f0e6c8) thrown at [t:/workspace/open/src/hotspot/share/interpret
Event: 1.951 Thread 0x00000155b34af000 Exception <a 'java/lang/NoSuchMethodError'{0x00000000861f0a88}: java.lang.invoke.DirectMethodHandle$Holder.invokeInterface(Ljava/lang/Object;Ljava/lang/Object;)V> (0x00000000861f0a88) thrown at [t:/workspace/open/src/hotspot/share/interpreter/linkResolver
Event: 1.954 Thread 0x00000155b34af000 Exception <a 'java/lang/NoSuchMethodError'{0x00000000861fc020}: method resolution failed> (0x00000000861fc020) thrown at [t:/workspace/open/src/hotspot/share/prims/methodHandles.cpp, line 1226]

Events (10 events):
Event: 1.962 Thread 0x00000155b34af000 DEOPT PACKING pc=0x00000155c63a0ee0 sp=0x00000037bf5fef90
Event: 1.962 Thread 0x00000155b34af000 DEOPT UNPACKING pc=0x00000155be8689af sp=0x00000037bf5fee80 mode 2
Event: 1.962 Thread 0x00000155b34af000 Uncommon trap: trap_request=0xffffffde fr.pc=0x00000155c63a0ee0 relative=0x0000000000000980
Event: 1.962 Thread 0x00000155b34af000 DEOPT PACKING pc=0x00000155c63a0ee0 sp=0x00000037bf5fef90
Event: 1.962 Thread 0x00000155b34af000 DEOPT UNPACKING pc=0x00000155be8689af sp=0x00000037bf5fee80 mode 2
Event: 1.963 Thread 0x00000155b34af000 Uncommon trap: trap_request=0xffffffde fr.pc=0x00000155c639f6d0 relative=0x0000000000000910
Event: 1.963 Thread 0x00000155b34af000 DEOPT PACKING pc=0x00000155c639f6d0 sp=0x00000037bf5feef0
Event: 1.963 Thread 0x00000155b34af000 DEOPT UNPACKING pc=0x00000155be8689af sp=0x00000037bf5fee68 mode 2
Event: 1.972 loading class renderers/IRenderer
Event: 1.972 loading class renderers/IRenderer done


Dynamic libraries:
0x00007ff714820000 - 0x00007ff71485e000 	C:\Program Files\Java\jdk-10\bin\java.exe
0x00007ffb83880000 - 0x00007ffb83a60000 	C:\WINDOWS\SYSTEM32\ntdll.dll
0x00007ffb81350000 - 0x00007ffb813fe000 	C:\WINDOWS\System32\KERNEL32.DLL
0x00007ffb800f0000 - 0x00007ffb80356000 	C:\WINDOWS\System32\KERNELBASE.dll
0x00007ffb82f00000 - 0x00007ffb82fa1000 	C:\WINDOWS\System32\ADVAPI32.dll
0x00007ffb81400000 - 0x00007ffb8149d000 	C:\WINDOWS\System32\msvcrt.dll
0x00007ffb82fb0000 - 0x00007ffb8300b000 	C:\WINDOWS\System32\sechost.dll
0x00007ffb83500000 - 0x00007ffb8361f000 	C:\WINDOWS\System32\RPCRT4.dll
0x00007ffb82910000 - 0x00007ffb82a9f000 	C:\WINDOWS\System32\USER32.dll
0x00007ffb80cd0000 - 0x00007ffb80cf0000 	C:\WINDOWS\System32\win32u.dll
0x00007ffb828e0000 - 0x00007ffb82908000 	C:\WINDOWS\System32\GDI32.dll
0x00007ffb7fd00000 - 0x00007ffb7fe93000 	C:\WINDOWS\System32\gdi32full.dll
0x00007ffb7fea0000 - 0x00007ffb7ff3b000 	C:\WINDOWS\System32\msvcp_win.dll
0x00007ffb7ff40000 - 0x00007ffb80036000 	C:\WINDOWS\System32\ucrtbase.dll
0x00007ffb77680000 - 0x00007ffb778e9000 	C:\WINDOWS\WinSxS\amd64_microsoft.windows.common-controls_6595b64144ccf1df_6.0.16299.125_none_15cbcf8893620c09\COMCTL32.dll
0x00007ffb7adc0000 - 0x00007ffb7adca000 	C:\WINDOWS\SYSTEM32\VERSION.dll
0x00007ffb82aa0000 - 0x00007ffb82da8000 	C:\WINDOWS\System32\combase.dll
0x00007ffb7fc80000 - 0x00007ffb7fcf2000 	C:\WINDOWS\System32\bcryptPrimitives.dll
0x00007ffb837c0000 - 0x00007ffb837ed000 	C:\WINDOWS\System32\IMM32.DLL
0x00007ffb54ac0000 - 0x00007ffb54baf000 	C:\Program Files\Java\jdk-10\bin\msvcr120.dll
0x00007ffb5a270000 - 0x00007ffb5a316000 	C:\Program Files\Java\jdk-10\bin\msvcp120.dll
0x000000005dd80000 - 0x000000005e7ef000 	C:\Program Files\Java\jdk-10\bin\server\jvm.dll
0x00007ffb83750000 - 0x00007ffb83758000 	C:\WINDOWS\System32\PSAPI.DLL
0x00007ffb731a0000 - 0x00007ffb731a9000 	C:\WINDOWS\SYSTEM32\WSOCK32.dll
0x00007ffb7b060000 - 0x00007ffb7b083000 	C:\WINDOWS\SYSTEM32\WINMM.dll
0x00007ffb83020000 - 0x00007ffb8308c000 	C:\WINDOWS\System32\WS2_32.dll
0x00007ffb7b000000 - 0x00007ffb7b02a000 	C:\WINDOWS\SYSTEM32\WINMMBASE.dll
0x00007ffb80530000 - 0x00007ffb8057a000 	C:\WINDOWS\System32\cfgmgr32.dll
0x00007ffb754e0000 - 0x00007ffb754ef000 	C:\Program Files\Java\jdk-10\bin\verify.dll
0x00007ffb6ed70000 - 0x00007ffb6ef38000 	C:\WINDOWS\SYSTEM32\DBGHELP.DLL
0x00007ffb6ed40000 - 0x00007ffb6ed69000 	C:\WINDOWS\SYSTEM32\dbgcore.DLL
0x00007ffb70f80000 - 0x00007ffb70fa7000 	C:\Program Files\Java\jdk-10\bin\java.dll
0x00007ffb68240000 - 0x00007ffb6826a000 	C:\Program Files\Java\jdk-10\bin\instrument.dll
0x00007ffb723c0000 - 0x00007ffb723d6000 	C:\Program Files\Java\jdk-10\bin\zip.dll
0x00007ffb722a0000 - 0x00007ffb722aa000 	C:\Program Files\Java\jdk-10\bin\jimage.dll
0x00007ffb814a0000 - 0x00007ffb828d6000 	C:\WINDOWS\System32\SHELL32.dll
0x00007ffb836a0000 - 0x00007ffb83746000 	C:\WINDOWS\System32\shcore.dll
0x00007ffb80580000 - 0x00007ffb80cc7000 	C:\WINDOWS\System32\windows.storage.dll
0x00007ffb837f0000 - 0x00007ffb83841000 	C:\WINDOWS\System32\shlwapi.dll
0x00007ffb7fbd0000 - 0x00007ffb7fbe1000 	C:\WINDOWS\System32\kernel.appcore.dll
0x00007ffb7fc30000 - 0x00007ffb7fc7c000 	C:\WINDOWS\System32\powrprof.dll
0x00007ffb7fc10000 - 0x00007ffb7fc2b000 	C:\WINDOWS\System32\profapi.dll
0x00007ffb72250000 - 0x00007ffb7226a000 	C:\Program Files\Java\jdk-10\bin\net.dll
0x00007ffb7a9a0000 - 0x00007ffb7aa7e000 	C:\WINDOWS\SYSTEM32\WINHTTP.dll
0x00007ffb7f460000 - 0x00007ffb7f4c6000 	C:\WINDOWS\system32\mswsock.dll
0x00007ffb71410000 - 0x00007ffb71421000 	C:\Program Files\Java\jdk-10\bin\nio.dll
0x00007ffb69470000 - 0x00007ffb6948a000 	C:\Program Files\JetBrains\IntelliJ IDEA Community Edition 2018.1\bin\breakgen64.dll
0x00007ffb5a8c0000 - 0x00007ffb5a91b000 	C:\Users\docto\AppData\Local\Temp\lwjgldocto\3.1.6-build-14\lwjgl.dll
0x00007ffb59ee0000 - 0x00007ffb59f31000 	C:\Users\docto\AppData\Local\Temp\lwjgldocto\3.1.6-build-14\glfw.dll
0x00007ffb7df40000 - 0x00007ffb7dfd5000 	C:\WINDOWS\system32\uxtheme.dll
0x00007ffb5b4d0000 - 0x00007ffb5b513000 	C:\WINDOWS\SYSTEM32\dinput8.dll
0x00007ffb6b090000 - 0x00007ffb6b0a0000 	C:\WINDOWS\SYSTEM32\xinput1_4.dll
0x00007ffb7fa00000 - 0x00007ffb7fa27000 	C:\WINDOWS\SYSTEM32\DEVOBJ.dll
0x00007ffb7ba60000 - 0x00007ffb7ba8e000 	C:\WINDOWS\SYSTEM32\inputhost.dll
0x00007ffb7d7b0000 - 0x00007ffb7d88d000 	C:\WINDOWS\SYSTEM32\CoreMessaging.dll
0x00007ffb7bcd0000 - 0x00007ffb7bfbe000 	C:\WINDOWS\SYSTEM32\CoreUIComponents.dll
0x00007ffb7edc0000 - 0x00007ffb7edf1000 	C:\WINDOWS\SYSTEM32\ntmarta.dll
0x00007ffb7bfe0000 - 0x00007ffb7c116000 	C:\WINDOWS\SYSTEM32\wintypes.dll
0x00007ffb7e1b0000 - 0x00007ffb7e1da000 	C:\WINDOWS\SYSTEM32\dwmapi.dll
0x00007ffb83390000 - 0x00007ffb834f7000 	C:\WINDOWS\System32\MSCTF.dll
0x00007ffb83090000 - 0x00007ffb83155000 	C:\WINDOWS\System32\OLEAUT32.dll
0x00007ffb7e9b0000 - 0x00007ffb7e9bc000 	C:\WINDOWS\SYSTEM32\HID.DLL
0x00007ffb80d50000 - 0x00007ffb8119e000 	C:\WINDOWS\System32\SETUPAPI.DLL
0x00007ffb80cf0000 - 0x00007ffb80d48000 	C:\WINDOWS\System32\WINTRUST.dll
0x00007ffb7fbf0000 - 0x00007ffb7fc02000 	C:\WINDOWS\System32\MSASN1.dll
0x00007ffb80360000 - 0x00007ffb8052e000 	C:\WINDOWS\System32\CRYPT32.dll
0x00007ffb65fc0000 - 0x00007ffb660de000 	C:\WINDOWS\SYSTEM32\opengl32.dll
0x00007ffb66af0000 - 0x00007ffb66b1c000 	C:\WINDOWS\SYSTEM32\GLU32.dll
0x000000005ba90000 - 0x000000005dd72000 	C:\WINDOWS\SYSTEM32\nvoglv64.DLL
0x00007ffb82db0000 - 0x00007ffb82ef9000 	C:\WINDOWS\System32\ole32.dll
0x00007ffb7af80000 - 0x00007ffb7af93000 	C:\WINDOWS\SYSTEM32\WTSAPI32.dll
0x00007ffb6fdb0000 - 0x00007ffb70016000 	C:\WINDOWS\system32\nvspcap64.dll
0x00007ffb7f0b0000 - 0x00007ffb7f105000 	C:\WINDOWS\SYSTEM32\WINSTA.dll
0x00007ffb718c0000 - 0x00007ffb71958000 	C:\WINDOWS\System32\TextInputFramework.dll
0x00007ffb584f0000 - 0x00007ffb5854f000 	C:\Users\docto\AppData\Local\Temp\lwjgldocto\3.1.6-build-14\lwjgl_opengl.dll
0x00007ffb54920000 - 0x00007ffb54abb000 	C:\Program Files\Java\jdk-10\bin\awt.dll
0x00007ffb7d1f0000 - 0x00007ffb7d7a8000 	C:\WINDOWS\SYSTEM32\d2d1.dll
0x00007ffb7ddc0000 - 0x00007ffb7de48000 	C:\WINDOWS\SYSTEM32\apphelp.dll

dbghelp: loaded successfully - version: 4.0.5 - missing functions: none
symbol engine: initialized successfully - sym options: 0x614 - pdb path: .;C:\Program Files\Java\jdk-10\bin;C:\WINDOWS\SYSTEM32;C:\WINDOWS\WinSxS\amd64_microsoft.windows.common-controls_6595b64144ccf1df_6.0.16299.125_none_15cbcf8893620c09;C:\Program Files\Java\jdk-10\bin\server;C:\Program Files\JetBrains\IntelliJ IDEA Community Edition 2018.1\bin;C:\Users\docto\AppData\Local\Temp\lwjgldocto\3.1.6-build-14

VM Arguments:
jvm_args: -javaagent:C:\Program Files\JetBrains\IntelliJ IDEA Community Edition 2018.1\lib\idea_rt.jar=54551:C:\Program Files\JetBrains\IntelliJ IDEA Community Edition 2018.1\bin -Dfile.encoding=UTF-8 
java_command: main.Start
java_class_path (initial): C:\Users\docto\IdeaProjects\Engine\out\production\Engine;C:\Program Files\JetBrains\IntelliJ IDEA Community Edition 2018.1\redist\annotations-java8.jar;C:\Users\docto\IdeaProjects\Engine\libs\lwjgl3\lwjgl.jar;C:\Users\docto\IdeaProjects\Engine\libs\lwjgl3\lwjgl-natives-windows.jar;C:\Users\docto\IdeaProjects\Engine\libs\lwjgl2\lwjgl_util.jar;C:\Users\docto\IdeaProjects\Engine\libs\lwjgl-opengl\lwjgl-opengl.jar;C:\Users\docto\IdeaProjects\Engine\libs\lwjgl-opengl\lwjgl-opengl-natives-windows.jar;C:\Users\docto\IdeaProjects\Engine\libs\lwjgl-opencl\lwjgl-opencl.jar;C:\Users\docto\IdeaProjects\Engine\libs\lwjgl-openal\lwjgl-openal.jar;C:\Users\docto\IdeaProjects\Engine\libs\lwjgl-openal\lwjgl-openal-natives-windows.jar;C:\Users\docto\IdeaProjects\Engine\libs\lwjgl-glfw\lwjgl-glfw.jar;C:\Users\docto\IdeaProjects\Engine\libs\lwjgl-glfw\lwjgl-glfw-natives-windows.jar
Launcher Type: SUN_STANDARD

Logging:
Log output configuration:
#0: stdout all=warning uptime,level,tags
#1: stderr all=off uptime,level,tags

Environment Variables:
PATH=C:\Program Files\Oculus\Support\oculus-runtime;C:\ProgramData\Oracle\Java\javapath;C:\Windows\system32;C:\Windows;C:\Windows\System32\Wbem;C:\Windows\System32\WindowsPowerShell\v1.0\;C:\Program Files (x86)\NVIDIA Corporation\PhysX\Common;C:\Program Files (x86)\GtkSharp\2.12\bin;C:\Program Files (x86)\Skype\Phone\;C:\WINDOWS\system32;C:\WINDOWS;C:\WINDOWS\System32\Wbem;C:\WINDOWS\System32\WindowsPowerShell\v1.0\;C:\Program Files\dotnet\;C:\Program Files\Microsoft DNX\Dnvm\;C:\Program Files\Microsoft SQL Server\130\Tools\Binn\;C:\Program Files\Git\cmd;C:\Users\docto\AppData\Local\Microsoft\WindowsApps;
USERNAME=docto
OS=Windows_NT
PROCESSOR_IDENTIFIER=Intel64 Family 6 Model 42 Stepping 7, GenuineIntel



---------------  S Y S T E M  ---------------

OS: Windows 10 , 64 bit Build 16299 (10.0.16299.15)

CPU:total 4 (initial active 4) (4 cores per cpu, 1 threads per core) family 6 model 42 stepping 7, cmov, cx8, fxsr, mmx, sse, sse2, sse3, ssse3, sse4.1, sse4.2, popcnt, avx, aes, clmul, tsc, tscinvbit

Memory: 4k page, physical 8371636k(2284436k free), swap 11513736k(4273216k free)

vm_info: Java HotSpot(TM) 64-Bit Server VM (10+46) for windows-amd64 JRE (10+46), built on Mar  8 2018 02:11:18 by "mach5one" with MS VC++ 12.0 (VS2013)

END.
