#
# A fatal error has been detected by the Java Runtime Environment:
#
#  EXCEPTION_ACCESS_VIOLATION (0xc0000005) at pc=0x00007ffb59ef2957, pid=9768, tid=12024
#
# JRE version: Java(TM) SE Runtime Environment (10.0+46) (build 10+46)
# Java VM: Java HotSpot(TM) 64-Bit Server VM (10+46, mixed mode, tiered, compressed oops, g1 gc, windows-amd64)
# Problematic frame:
# C  [lwjgl_opengl.dll+0x12957]
#
# No core dump will be written. Minidumps are not enabled by default on client versions of Windows
#
# If you would like to submit a bug report, please visit:
#   http://bugreport.java.com/bugreport/crash.jsp
# The crash happened outside the Java Virtual Machine in native code.
# See problematic frame for where to report the bug.
#

---------------  S U M M A R Y ------------

Command Line: -javaagent:C:\Program Files\JetBrains\IntelliJ IDEA Community Edition 2018.1\lib\idea_rt.jar=52909:C:\Program Files\JetBrains\IntelliJ IDEA Community Edition 2018.1\bin -Dfile.encoding=UTF-8 main.Start

Host: Intel(R) Core(TM) i5-2400 CPU @ 3.10GHz, 4 cores, 7G,  Windows 10 , 64 bit Build 16299 (10.0.16299.15)
Time: Tue May 01 02:59:20 2018 RTZ 2 (ceia) elapsed time: 0 seconds (0d 0h 0m 0s)

---------------  T H R E A D  ---------------

Current thread (0x0000021b2bcff000):  JavaThread "main" [_thread_in_native, id=12024, stack(0x000000c449100000,0x000000c449200000)]

Stack: [0x000000c449100000,0x000000c449200000],  sp=0x000000c4491ff508,  free space=1021k
Native frames: (J=compiled Java code, j=interpreted, Vv=VM code, C=native code)
C  [lwjgl_opengl.dll+0x12957]

Java frames: (J=compiled Java code, j=interpreted, Vv=VM code)
j  org.lwjgl.opengl.GL20.glCreateShader(I)I+0
j  shaders.Shader.createShader(ILjava/lang/String;)I+1
j  shaders.Shader.initShader()V+24
j  util.ShaderUtils.initShader(Lshaders/Shader;)V+15
j  main.Application.init()V+9
j  main.Application.run()V+37
j  main.Start.main([Ljava/lang/String;)V+7
v  ~StubRoutines::call_stub

siginfo: EXCEPTION_ACCESS_VIOLATION (0xc0000005), reading address 0x00000000000008a8


Register to memory mapping:

RIP=0x00007ffb59ef2957 lwjgl_opengl.dll
RAX=0x000000005e6bce50 jvm.dll
RBX={method} {0x0000021b4e6ecb70} 'glCreateShader' '(I)I' in 'org/lwjgl/opengl/GL20'
RCX=0x0000000000000000 is an unknown value
RDX=0x000000c4491ff590 is pointing into the stack for thread: 0x0000021b2bcff000
RSP=0x000000c4491ff508 is pointing into the stack for thread: 0x0000021b2bcff000
RBP=0x000000c4491ff580 is pointing into the stack for thread: 0x0000021b2bcff000
RSI=0x000000000000b400 is an unknown value
RDI=0x0000000087dd1f38 is an oop
java.lang.String 
{0x0000000087dd1f38} - klass: 'java/lang/String'
R8 =0x0000000000008b31 is an unknown value
R9 =0x0000021b2bcf06d0 is an unknown value
R10=0x0000021b3709f268 is at code_begin+1000 in an Interpreter codelet
method entry point (kind = native)  [0x0000021b3709ee80, 0x0000021b3709f9e0]  2912 bytes
R11=0x0000000087df9e60 is an oop
java.lang.Class 
{0x0000000087df9e60} - klass: 'java/lang/Class'
R12=0x0000000000000000 is an unknown value
R13=0x0000021b4e6ecb58 is pointing into metadata
R14=0x000000c4491ff5a0 is pointing into the stack for thread: 0x0000021b2bcff000
R15=0x0000021b2bcff000 is a thread


Registers:
RAX=0x000000005e6bce50, RBX=0x0000021b4e6ecb68, RCX=0x0000000000000000, RDX=0x000000c4491ff590
RSP=0x000000c4491ff508, RBP=0x000000c4491ff580, RSI=0x000000000000b400, RDI=0x0000000087dd1f38
R8 =0x0000000000008b31, R9 =0x0000021b2bcf06d0, R10=0x0000021b3709f268, R11=0x0000000087df9e60
R12=0x0000000000000000, R13=0x0000021b4e6ecb58, R14=0x000000c4491ff5a0, R15=0x0000021b2bcff000
RIP=0x00007ffb59ef2957, EFLAGS=0x0000000000010206

Top of Stack: (sp=0x000000c4491ff508)
0x000000c4491ff508:   0000021b3709f297 0000021b4e6ecb68
0x000000c4491ff518:   000000c4491ff580 000000000000b400
0x000000c4491ff528:   000000000000b400 0000021b3709ef36
0x000000c4491ff538:   000000c4491ff538 0000021b4e6ecb58
0x000000c4491ff548:   000000c4491ff5a0 0000021b4e6fa120
0x000000c4491ff558:   0000000000000000 0000000087df9e60
0x000000c4491ff568:   0000021b4e6ecb68 0000000000000000
0x000000c4491ff578:   000000c4491ff5a0 000000c4491ff5f0
0x000000c4491ff588:   0000021b37099b40 0000000087df9e60
0x000000c4491ff598:   0000021b3709c256 0000000000008b31
0x000000c4491ff5a8:   000000c4491ff5a8 0000021b4d68e681
0x000000c4491ff5b8:   000000c4491ff620 0000021b4e6bedc8
0x000000c4491ff5c8:   0000000000000000 00000000881b5218
0x000000c4491ff5d8:   0000021b4d68e700 000000c4491ff5a0
0x000000c4491ff5e8:   000000c4491ff610 000000c4491ff678
0x000000c4491ff5f8:   0000021b37099b40 0000000000000000 

Instructions: (pc=0x00007ffb59ef2957)
0x00007ffb59ef2937:   48 8b 81 f0 1b 00 00 41 8b c8 48 ff e0 cc cc cc
0x00007ffb59ef2947:   cc cc cc cc cc cc cc cc cc 48 8b 01 48 8b 48 18
0x00007ffb59ef2957:   48 8b 81 a8 08 00 00 41 8b c8 48 ff e0 cc cc cc
0x00007ffb59ef2967:   cc cc cc cc cc cc cc cc cc 48 8b 01 41 8b c8 48 



---------------  P R O C E S S  ---------------

Threads class SMR info:
_java_thread_list=0x0000021b4dda6e70, length=12, elements={
0x0000021b2bcff000, 0x0000021b4d159800, 0x0000021b4d163000, 0x0000021b4dae2800,
0x0000021b4d175800, 0x0000021b4d187000, 0x0000021b4d18a000, 0x0000021b4d196800,
0x0000021b4d197000, 0x0000021b4de49000, 0x0000021b4dda8000, 0x0000021b4dda8800
}

Java Threads: ( => current thread )
=>0x0000021b2bcff000 JavaThread "main" [_thread_in_native, id=12024, stack(0x000000c449100000,0x000000c449200000)]
  0x0000021b4d159800 JavaThread "Reference Handler" daemon [_thread_blocked, id=940, stack(0x000000c449e00000,0x000000c449f00000)]
  0x0000021b4d163000 JavaThread "Finalizer" daemon [_thread_blocked, id=6344, stack(0x000000c449f00000,0x000000c44a000000)]
  0x0000021b4dae2800 JavaThread "Signal Dispatcher" daemon [_thread_blocked, id=10752, stack(0x000000c44a100000,0x000000c44a200000)]
  0x0000021b4d175800 JavaThread "Attach Listener" daemon [_thread_blocked, id=11016, stack(0x000000c44a200000,0x000000c44a300000)]
  0x0000021b4d187000 JavaThread "C2 CompilerThread0" daemon [_thread_blocked, id=11068, stack(0x000000c44a300000,0x000000c44a400000)]
  0x0000021b4d18a000 JavaThread "C2 CompilerThread1" daemon [_thread_blocked, id=8324, stack(0x000000c44a400000,0x000000c44a500000)]
  0x0000021b4d196800 JavaThread "C1 CompilerThread2" daemon [_thread_blocked, id=1836, stack(0x000000c44a500000,0x000000c44a600000)]
  0x0000021b4d197000 JavaThread "Sweeper thread" daemon [_thread_blocked, id=1980, stack(0x000000c44a600000,0x000000c44a700000)]
  0x0000021b4de49000 JavaThread "Common-Cleaner" daemon [_thread_blocked, id=2488, stack(0x000000c44a700000,0x000000c44a800000)]
  0x0000021b4dda8000 JavaThread "Monitor Ctrl-Break" daemon [_thread_in_native, id=3912, stack(0x000000c44a800000,0x000000c44a900000)]
  0x0000021b4dda8800 JavaThread "Service Thread" daemon [_thread_blocked, id=11892, stack(0x000000c44a900000,0x000000c44aa00000)]

Other Threads:
  0x0000021b4d155000 VMThread "VM Thread" [stack: 0x000000c449d00000,0x000000c449e00000] [id=12888]
  0x0000021b4ddbd800 WatcherThread [stack: 0x000000c44aa00000,0x000000c44ab00000] [id=10304]
  0x0000021b2bd19800 GCTaskThread "GC Thread#0" [stack: 0x000000c449200000,0x000000c449300000] [id=7056]
  0x0000021b2bd1c000 GCTaskThread "GC Thread#1" [stack: 0x000000c449300000,0x000000c449400000] [id=4180]
  0x0000021b2bd1e800 GCTaskThread "GC Thread#2" [stack: 0x000000c449400000,0x000000c449500000] [id=2784]
  0x0000021b2bd20000 GCTaskThread "GC Thread#3" [stack: 0x000000c449500000,0x000000c449600000] [id=10460]
  0x0000021b2bd8b800 ConcurrentGCThread "G1 Main Marker" [stack: 0x000000c449600000,0x000000c449700000] [id=7908]
  0x0000021b2bd8e800 ConcurrentGCThread "G1 Conc#0" [stack: 0x000000c449700000,0x000000c449800000] [id=4228]
  0x0000021b4cfde800 ConcurrentGCThread "G1 Refine#0" [stack: 0x000000c449800000,0x000000c449900000] [id=5048]
  0x0000021b4cfdf000 ConcurrentGCThread "G1 Refine#1" [stack: 0x000000c449900000,0x000000c449a00000] [id=5588]
  0x0000021b4cfe0800 ConcurrentGCThread "G1 Refine#2" [stack: 0x000000c449a00000,0x000000c449b00000] [id=8336]
  0x0000021b4cfe1800 ConcurrentGCThread "G1 Refine#3" [stack: 0x000000c449b00000,0x000000c449c00000] [id=13156]
  0x0000021b4cfe5000 ConcurrentGCThread "G1 Young RemSet Sampling" [stack: 0x000000c449c00000,0x000000c449d00000] [id=5888]

Threads with active compile tasks:

VM state:not at safepoint (normal execution)

VM Mutex/Monitor currently owned by a thread: None

Heap address: 0x0000000080400000, size: 2044 MB, Compressed Oops mode: 32-bit
Narrow klass base: 0x0000000000000000, Narrow klass shift: 3
Compressed class space size: 1073741824 Address: 0x0000000100000000

Heap:
 garbage-first heap   total 131072K, used 7168K [0x0000000080400000, 0x0000000100000000)
  region size 1024K, 8 young (8192K), 0 survivors (0K)
 Metaspace       used 9267K, capacity 9477K, committed 9600K, reserved 1058816K
  class space    used 781K, capacity 867K, committed 896K, reserved 1048576K
Heap Regions: E=young(eden), S=young(survivor), O=old, HS=humongous(starts), HC=humongous(continues), CS=collection set, F=free, A=archive, TS=gc time stamp, AC=allocation context, TAMS=top-at-mark-start (previous, next)
|   0|0x0000000080400000, 0x0000000080400000, 0x0000000080500000|  0%| F|  |TS  0|AC  0|TAMS 0x0000000080400000, 0x0000000080400000|
|   1|0x0000000080500000, 0x0000000080500000, 0x0000000080600000|  0%| F|  |TS  0|AC  0|TAMS 0x0000000080500000, 0x0000000080500000|
|   2|0x0000000080600000, 0x0000000080600000, 0x0000000080700000|  0%| F|  |TS  0|AC  0|TAMS 0x0000000080600000, 0x0000000080600000|
|   3|0x0000000080700000, 0x0000000080700000, 0x0000000080800000|  0%| F|  |TS  0|AC  0|TAMS 0x0000000080700000, 0x0000000080700000|
|   4|0x0000000080800000, 0x0000000080800000, 0x0000000080900000|  0%| F|  |TS  0|AC  0|TAMS 0x0000000080800000, 0x0000000080800000|
|   5|0x0000000080900000, 0x0000000080900000, 0x0000000080a00000|  0%| F|  |TS  0|AC  0|TAMS 0x0000000080900000, 0x0000000080900000|
|   6|0x0000000080a00000, 0x0000000080a00000, 0x0000000080b00000|  0%| F|  |TS  0|AC  0|TAMS 0x0000000080a00000, 0x0000000080a00000|
|   7|0x0000000080b00000, 0x0000000080b00000, 0x0000000080c00000|  0%| F|  |TS  0|AC  0|TAMS 0x0000000080b00000, 0x0000000080b00000|
|   8|0x0000000080c00000, 0x0000000080c00000, 0x0000000080d00000|  0%| F|  |TS  0|AC  0|TAMS 0x0000000080c00000, 0x0000000080c00000|
|   9|0x0000000080d00000, 0x0000000080d00000, 0x0000000080e00000|  0%| F|  |TS  0|AC  0|TAMS 0x0000000080d00000, 0x0000000080d00000|
|  10|0x0000000080e00000, 0x0000000080e00000, 0x0000000080f00000|  0%| F|  |TS  0|AC  0|TAMS 0x0000000080e00000, 0x0000000080e00000|
|  11|0x0000000080f00000, 0x0000000080f00000, 0x0000000081000000|  0%| F|  |TS  0|AC  0|TAMS 0x0000000080f00000, 0x0000000080f00000|
|  12|0x0000000081000000, 0x0000000081000000, 0x0000000081100000|  0%| F|  |TS  0|AC  0|TAMS 0x0000000081000000, 0x0000000081000000|
|  13|0x0000000081100000, 0x0000000081100000, 0x0000000081200000|  0%| F|  |TS  0|AC  0|TAMS 0x0000000081100000, 0x0000000081100000|
|  14|0x0000000081200000, 0x0000000081200000, 0x0000000081300000|  0%| F|  |TS  0|AC  0|TAMS 0x0000000081200000, 0x0000000081200000|
|  15|0x0000000081300000, 0x0000000081300000, 0x0000000081400000|  0%| F|  |TS  0|AC  0|TAMS 0x0000000081300000, 0x0000000081300000|
|  16|0x0000000081400000, 0x0000000081400000, 0x0000000081500000|  0%| F|  |TS  0|AC  0|TAMS 0x0000000081400000, 0x0000000081400000|
|  17|0x0000000081500000, 0x0000000081500000, 0x0000000081600000|  0%| F|  |TS  0|AC  0|TAMS 0x0000000081500000, 0x0000000081500000|
|  18|0x0000000081600000, 0x0000000081600000, 0x0000000081700000|  0%| F|  |TS  0|AC  0|TAMS 0x0000000081600000, 0x0000000081600000|
|  19|0x0000000081700000, 0x0000000081700000, 0x0000000081800000|  0%| F|  |TS  0|AC  0|TAMS 0x0000000081700000, 0x0000000081700000|
|  20|0x0000000081800000, 0x0000000081800000, 0x0000000081900000|  0%| F|  |TS  0|AC  0|TAMS 0x0000000081800000, 0x0000000081800000|
|  21|0x0000000081900000, 0x0000000081900000, 0x0000000081a00000|  0%| F|  |TS  0|AC  0|TAMS 0x0000000081900000, 0x0000000081900000|
|  22|0x0000000081a00000, 0x0000000081a00000, 0x0000000081b00000|  0%| F|  |TS  0|AC  0|TAMS 0x0000000081a00000, 0x0000000081a00000|
|  23|0x0000000081b00000, 0x0000000081b00000, 0x0000000081c00000|  0%| F|  |TS  0|AC  0|TAMS 0x0000000081b00000, 0x0000000081b00000|
|  24|0x0000000081c00000, 0x0000000081c00000, 0x0000000081d00000|  0%| F|  |TS  0|AC  0|TAMS 0x0000000081c00000, 0x0000000081c00000|
|  25|0x0000000081d00000, 0x0000000081d00000, 0x0000000081e00000|  0%| F|  |TS  0|AC  0|TAMS 0x0000000081d00000, 0x0000000081d00000|
|  26|0x0000000081e00000, 0x0000000081e00000, 0x0000000081f00000|  0%| F|  |TS  0|AC  0|TAMS 0x0000000081e00000, 0x0000000081e00000|
|  27|0x0000000081f00000, 0x0000000081f00000, 0x0000000082000000|  0%| F|  |TS  0|AC  0|TAMS 0x0000000081f00000, 0x0000000081f00000|
|  28|0x0000000082000000, 0x0000000082000000, 0x0000000082100000|  0%| F|  |TS  0|AC  0|TAMS 0x0000000082000000, 0x0000000082000000|
|  29|0x0000000082100000, 0x0000000082100000, 0x0000000082200000|  0%| F|  |TS  0|AC  0|TAMS 0x0000000082100000, 0x0000000082100000|
|  30|0x0000000082200000, 0x0000000082200000, 0x0000000082300000|  0%| F|  |TS  0|AC  0|TAMS 0x0000000082200000, 0x0000000082200000|
|  31|0x0000000082300000, 0x0000000082300000, 0x0000000082400000|  0%| F|  |TS  0|AC  0|TAMS 0x0000000082300000, 0x0000000082300000|
|  32|0x0000000082400000, 0x0000000082400000, 0x0000000082500000|  0%| F|  |TS  0|AC  0|TAMS 0x0000000082400000, 0x0000000082400000|
|  33|0x0000000082500000, 0x0000000082500000, 0x0000000082600000|  0%| F|  |TS  0|AC  0|TAMS 0x0000000082500000, 0x0000000082500000|
|  34|0x0000000082600000, 0x0000000082600000, 0x0000000082700000|  0%| F|  |TS  0|AC  0|TAMS 0x0000000082600000, 0x0000000082600000|
|  35|0x0000000082700000, 0x0000000082700000, 0x0000000082800000|  0%| F|  |TS  0|AC  0|TAMS 0x0000000082700000, 0x0000000082700000|
|  36|0x0000000082800000, 0x0000000082800000, 0x0000000082900000|  0%| F|  |TS  0|AC  0|TAMS 0x0000000082800000, 0x0000000082800000|
|  37|0x0000000082900000, 0x0000000082900000, 0x0000000082a00000|  0%| F|  |TS  0|AC  0|TAMS 0x0000000082900000, 0x0000000082900000|
|  38|0x0000000082a00000, 0x0000000082a00000, 0x0000000082b00000|  0%| F|  |TS  0|AC  0|TAMS 0x0000000082a00000, 0x0000000082a00000|
|  39|0x0000000082b00000, 0x0000000082b00000, 0x0000000082c00000|  0%| F|  |TS  0|AC  0|TAMS 0x0000000082b00000, 0x0000000082b00000|
|  40|0x0000000082c00000, 0x0000000082c00000, 0x0000000082d00000|  0%| F|  |TS  0|AC  0|TAMS 0x0000000082c00000, 0x0000000082c00000|
|  41|0x0000000082d00000, 0x0000000082d00000, 0x0000000082e00000|  0%| F|  |TS  0|AC  0|TAMS 0x0000000082d00000, 0x0000000082d00000|
|  42|0x0000000082e00000, 0x0000000082e00000, 0x0000000082f00000|  0%| F|  |TS  0|AC  0|TAMS 0x0000000082e00000, 0x0000000082e00000|
|  43|0x0000000082f00000, 0x0000000082f00000, 0x0000000083000000|  0%| F|  |TS  0|AC  0|TAMS 0x0000000082f00000, 0x0000000082f00000|
|  44|0x0000000083000000, 0x0000000083000000, 0x0000000083100000|  0%| F|  |TS  0|AC  0|TAMS 0x0000000083000000, 0x0000000083000000|
|  45|0x0000000083100000, 0x0000000083100000, 0x0000000083200000|  0%| F|  |TS  0|AC  0|TAMS 0x0000000083100000, 0x0000000083100000|
|  46|0x0000000083200000, 0x0000000083200000, 0x0000000083300000|  0%| F|  |TS  0|AC  0|TAMS 0x0000000083200000, 0x0000000083200000|
|  47|0x0000000083300000, 0x0000000083300000, 0x0000000083400000|  0%| F|  |TS  0|AC  0|TAMS 0x0000000083300000, 0x0000000083300000|
|  48|0x0000000083400000, 0x0000000083400000, 0x0000000083500000|  0%| F|  |TS  0|AC  0|TAMS 0x0000000083400000, 0x0000000083400000|
|  49|0x0000000083500000, 0x0000000083500000, 0x0000000083600000|  0%| F|  |TS  0|AC  0|TAMS 0x0000000083500000, 0x0000000083500000|
|  50|0x0000000083600000, 0x0000000083600000, 0x0000000083700000|  0%| F|  |TS  0|AC  0|TAMS 0x0000000083600000, 0x0000000083600000|
|  51|0x0000000083700000, 0x0000000083700000, 0x0000000083800000|  0%| F|  |TS  0|AC  0|TAMS 0x0000000083700000, 0x0000000083700000|
|  52|0x0000000083800000, 0x0000000083800000, 0x0000000083900000|  0%| F|  |TS  0|AC  0|TAMS 0x0000000083800000, 0x0000000083800000|
|  53|0x0000000083900000, 0x0000000083900000, 0x0000000083a00000|  0%| F|  |TS  0|AC  0|TAMS 0x0000000083900000, 0x0000000083900000|
|  54|0x0000000083a00000, 0x0000000083a00000, 0x0000000083b00000|  0%| F|  |TS  0|AC  0|TAMS 0x0000000083a00000, 0x0000000083a00000|
|  55|0x0000000083b00000, 0x0000000083b00000, 0x0000000083c00000|  0%| F|  |TS  0|AC  0|TAMS 0x0000000083b00000, 0x0000000083b00000|
|  56|0x0000000083c00000, 0x0000000083c00000, 0x0000000083d00000|  0%| F|  |TS  0|AC  0|TAMS 0x0000000083c00000, 0x0000000083c00000|
|  57|0x0000000083d00000, 0x0000000083d00000, 0x0000000083e00000|  0%| F|  |TS  0|AC  0|TAMS 0x0000000083d00000, 0x0000000083d00000|
|  58|0x0000000083e00000, 0x0000000083e00000, 0x0000000083f00000|  0%| F|  |TS  0|AC  0|TAMS 0x0000000083e00000, 0x0000000083e00000|
|  59|0x0000000083f00000, 0x0000000083f00000, 0x0000000084000000|  0%| F|  |TS  0|AC  0|TAMS 0x0000000083f00000, 0x0000000083f00000|
|  60|0x0000000084000000, 0x0000000084000000, 0x0000000084100000|  0%| F|  |TS  0|AC  0|TAMS 0x0000000084000000, 0x0000000084000000|
|  61|0x0000000084100000, 0x0000000084100000, 0x0000000084200000|  0%| F|  |TS  0|AC  0|TAMS 0x0000000084100000, 0x0000000084100000|
|  62|0x0000000084200000, 0x0000000084200000, 0x0000000084300000|  0%| F|  |TS  0|AC  0|TAMS 0x0000000084200000, 0x0000000084200000|
|  63|0x0000000084300000, 0x0000000084300000, 0x0000000084400000|  0%| F|  |TS  0|AC  0|TAMS 0x0000000084300000, 0x0000000084300000|
|  64|0x0000000084400000, 0x0000000084400000, 0x0000000084500000|  0%| F|  |TS  0|AC  0|TAMS 0x0000000084400000, 0x0000000084400000|
|  65|0x0000000084500000, 0x0000000084500000, 0x0000000084600000|  0%| F|  |TS  0|AC  0|TAMS 0x0000000084500000, 0x0000000084500000|
|  66|0x0000000084600000, 0x0000000084600000, 0x0000000084700000|  0%| F|  |TS  0|AC  0|TAMS 0x0000000084600000, 0x0000000084600000|
|  67|0x0000000084700000, 0x0000000084700000, 0x0000000084800000|  0%| F|  |TS  0|AC  0|TAMS 0x0000000084700000, 0x0000000084700000|
|  68|0x0000000084800000, 0x0000000084800000, 0x0000000084900000|  0%| F|  |TS  0|AC  0|TAMS 0x0000000084800000, 0x0000000084800000|
|  69|0x0000000084900000, 0x0000000084900000, 0x0000000084a00000|  0%| F|  |TS  0|AC  0|TAMS 0x0000000084900000, 0x0000000084900000|
|  70|0x0000000084a00000, 0x0000000084a00000, 0x0000000084b00000|  0%| F|  |TS  0|AC  0|TAMS 0x0000000084a00000, 0x0000000084a00000|
|  71|0x0000000084b00000, 0x0000000084b00000, 0x0000000084c00000|  0%| F|  |TS  0|AC  0|TAMS 0x0000000084b00000, 0x0000000084b00000|
|  72|0x0000000084c00000, 0x0000000084c00000, 0x0000000084d00000|  0%| F|  |TS  0|AC  0|TAMS 0x0000000084c00000, 0x0000000084c00000|
|  73|0x0000000084d00000, 0x0000000084d00000, 0x0000000084e00000|  0%| F|  |TS  0|AC  0|TAMS 0x0000000084d00000, 0x0000000084d00000|
|  74|0x0000000084e00000, 0x0000000084e00000, 0x0000000084f00000|  0%| F|  |TS  0|AC  0|TAMS 0x0000000084e00000, 0x0000000084e00000|
|  75|0x0000000084f00000, 0x0000000084f00000, 0x0000000085000000|  0%| F|  |TS  0|AC  0|TAMS 0x0000000084f00000, 0x0000000084f00000|
|  76|0x0000000085000000, 0x0000000085000000, 0x0000000085100000|  0%| F|  |TS  0|AC  0|TAMS 0x0000000085000000, 0x0000000085000000|
|  77|0x0000000085100000, 0x0000000085100000, 0x0000000085200000|  0%| F|  |TS  0|AC  0|TAMS 0x0000000085100000, 0x0000000085100000|
|  78|0x0000000085200000, 0x0000000085200000, 0x0000000085300000|  0%| F|  |TS  0|AC  0|TAMS 0x0000000085200000, 0x0000000085200000|
|  79|0x0000000085300000, 0x0000000085300000, 0x0000000085400000|  0%| F|  |TS  0|AC  0|TAMS 0x0000000085300000, 0x0000000085300000|
|  80|0x0000000085400000, 0x0000000085400000, 0x0000000085500000|  0%| F|  |TS  0|AC  0|TAMS 0x0000000085400000, 0x0000000085400000|
|  81|0x0000000085500000, 0x0000000085500000, 0x0000000085600000|  0%| F|  |TS  0|AC  0|TAMS 0x0000000085500000, 0x0000000085500000|
|  82|0x0000000085600000, 0x0000000085600000, 0x0000000085700000|  0%| F|  |TS  0|AC  0|TAMS 0x0000000085600000, 0x0000000085600000|
|  83|0x0000000085700000, 0x0000000085700000, 0x0000000085800000|  0%| F|  |TS  0|AC  0|TAMS 0x0000000085700000, 0x0000000085700000|
|  84|0x0000000085800000, 0x0000000085800000, 0x0000000085900000|  0%| F|  |TS  0|AC  0|TAMS 0x0000000085800000, 0x0000000085800000|
|  85|0x0000000085900000, 0x0000000085900000, 0x0000000085a00000|  0%| F|  |TS  0|AC  0|TAMS 0x0000000085900000, 0x0000000085900000|
|  86|0x0000000085a00000, 0x0000000085a00000, 0x0000000085b00000|  0%| F|  |TS  0|AC  0|TAMS 0x0000000085a00000, 0x0000000085a00000|
|  87|0x0000000085b00000, 0x0000000085b00000, 0x0000000085c00000|  0%| F|  |TS  0|AC  0|TAMS 0x0000000085b00000, 0x0000000085b00000|
|  88|0x0000000085c00000, 0x0000000085c00000, 0x0000000085d00000|  0%| F|  |TS  0|AC  0|TAMS 0x0000000085c00000, 0x0000000085c00000|
|  89|0x0000000085d00000, 0x0000000085d00000, 0x0000000085e00000|  0%| F|  |TS  0|AC  0|TAMS 0x0000000085d00000, 0x0000000085d00000|
|  90|0x0000000085e00000, 0x0000000085e00000, 0x0000000085f00000|  0%| F|  |TS  0|AC  0|TAMS 0x0000000085e00000, 0x0000000085e00000|
|  91|0x0000000085f00000, 0x0000000085f00000, 0x0000000086000000|  0%| F|  |TS  0|AC  0|TAMS 0x0000000085f00000, 0x0000000085f00000|
|  92|0x0000000086000000, 0x0000000086000000, 0x0000000086100000|  0%| F|  |TS  0|AC  0|TAMS 0x0000000086000000, 0x0000000086000000|
|  93|0x0000000086100000, 0x0000000086100000, 0x0000000086200000|  0%| F|  |TS  0|AC  0|TAMS 0x0000000086100000, 0x0000000086100000|
|  94|0x0000000086200000, 0x0000000086200000, 0x0000000086300000|  0%| F|  |TS  0|AC  0|TAMS 0x0000000086200000, 0x0000000086200000|
|  95|0x0000000086300000, 0x0000000086300000, 0x0000000086400000|  0%| F|  |TS  0|AC  0|TAMS 0x0000000086300000, 0x0000000086300000|
|  96|0x0000000086400000, 0x0000000086400000, 0x0000000086500000|  0%| F|  |TS  0|AC  0|TAMS 0x0000000086400000, 0x0000000086400000|
|  97|0x0000000086500000, 0x0000000086500000, 0x0000000086600000|  0%| F|  |TS  0|AC  0|TAMS 0x0000000086500000, 0x0000000086500000|
|  98|0x0000000086600000, 0x0000000086600000, 0x0000000086700000|  0%| F|  |TS  0|AC  0|TAMS 0x0000000086600000, 0x0000000086600000|
|  99|0x0000000086700000, 0x0000000086700000, 0x0000000086800000|  0%| F|  |TS  0|AC  0|TAMS 0x0000000086700000, 0x0000000086700000|
| 100|0x0000000086800000, 0x0000000086800000, 0x0000000086900000|  0%| F|  |TS  0|AC  0|TAMS 0x0000000086800000, 0x0000000086800000|
| 101|0x0000000086900000, 0x0000000086900000, 0x0000000086a00000|  0%| F|  |TS  0|AC  0|TAMS 0x0000000086900000, 0x0000000086900000|
| 102|0x0000000086a00000, 0x0000000086a00000, 0x0000000086b00000|  0%| F|  |TS  0|AC  0|TAMS 0x0000000086a00000, 0x0000000086a00000|
| 103|0x0000000086b00000, 0x0000000086b00000, 0x0000000086c00000|  0%| F|  |TS  0|AC  0|TAMS 0x0000000086b00000, 0x0000000086b00000|
| 104|0x0000000086c00000, 0x0000000086c00000, 0x0000000086d00000|  0%| F|  |TS  0|AC  0|TAMS 0x0000000086c00000, 0x0000000086c00000|
| 105|0x0000000086d00000, 0x0000000086d00000, 0x0000000086e00000|  0%| F|  |TS  0|AC  0|TAMS 0x0000000086d00000, 0x0000000086d00000|
| 106|0x0000000086e00000, 0x0000000086e00000, 0x0000000086f00000|  0%| F|  |TS  0|AC  0|TAMS 0x0000000086e00000, 0x0000000086e00000|
| 107|0x0000000086f00000, 0x0000000086f00000, 0x0000000087000000|  0%| F|  |TS  0|AC  0|TAMS 0x0000000086f00000, 0x0000000086f00000|
| 108|0x0000000087000000, 0x0000000087000000, 0x0000000087100000|  0%| F|  |TS  0|AC  0|TAMS 0x0000000087000000, 0x0000000087000000|
| 109|0x0000000087100000, 0x0000000087100000, 0x0000000087200000|  0%| F|  |TS  0|AC  0|TAMS 0x0000000087100000, 0x0000000087100000|
| 110|0x0000000087200000, 0x0000000087200000, 0x0000000087300000|  0%| F|  |TS  0|AC  0|TAMS 0x0000000087200000, 0x0000000087200000|
| 111|0x0000000087300000, 0x0000000087300000, 0x0000000087400000|  0%| F|  |TS  0|AC  0|TAMS 0x0000000087300000, 0x0000000087300000|
| 112|0x0000000087400000, 0x0000000087400000, 0x0000000087500000|  0%| F|  |TS  0|AC  0|TAMS 0x0000000087400000, 0x0000000087400000|
| 113|0x0000000087500000, 0x0000000087500000, 0x0000000087600000|  0%| F|  |TS  0|AC  0|TAMS 0x0000000087500000, 0x0000000087500000|
| 114|0x0000000087600000, 0x0000000087600000, 0x0000000087700000|  0%| F|  |TS  0|AC  0|TAMS 0x0000000087600000, 0x0000000087600000|
| 115|0x0000000087700000, 0x0000000087700000, 0x0000000087800000|  0%| F|  |TS  0|AC  0|TAMS 0x0000000087700000, 0x0000000087700000|
| 116|0x0000000087800000, 0x0000000087800000, 0x0000000087900000|  0%| F|  |TS  0|AC  0|TAMS 0x0000000087800000, 0x0000000087800000|
| 117|0x0000000087900000, 0x0000000087900000, 0x0000000087a00000|  0%| F|  |TS  0|AC  0|TAMS 0x0000000087900000, 0x0000000087900000|
| 118|0x0000000087a00000, 0x0000000087a00000, 0x0000000087b00000|  0%| F|  |TS  0|AC  0|TAMS 0x0000000087a00000, 0x0000000087a00000|
| 119|0x0000000087b00000, 0x0000000087b00000, 0x0000000087c00000|  0%| F|  |TS  0|AC  0|TAMS 0x0000000087b00000, 0x0000000087b00000|
| 120|0x0000000087c00000, 0x0000000087c54018, 0x0000000087d00000| 32%| E|  |TS  0|AC  0|TAMS 0x0000000087c00000, 0x0000000087c00000|
| 121|0x0000000087d00000, 0x0000000087e00000, 0x0000000087e00000|100%| E|CS|TS  0|AC  0|TAMS 0x0000000087d00000, 0x0000000087d00000|
| 122|0x0000000087e00000, 0x0000000087f00000, 0x0000000087f00000|100%| E|CS|TS  0|AC  0|TAMS 0x0000000087e00000, 0x0000000087e00000|
| 123|0x0000000087f00000, 0x0000000088000000, 0x0000000088000000|100%| E|CS|TS  0|AC  0|TAMS 0x0000000087f00000, 0x0000000087f00000|
| 124|0x0000000088000000, 0x0000000088100000, 0x0000000088100000|100%| E|CS|TS  0|AC  0|TAMS 0x0000000088000000, 0x0000000088000000|
| 125|0x0000000088100000, 0x0000000088200000, 0x0000000088200000|100%| E|CS|TS  0|AC  0|TAMS 0x0000000088100000, 0x0000000088100000|
| 126|0x0000000088200000, 0x0000000088300000, 0x0000000088300000|100%| E|CS|TS  0|AC  0|TAMS 0x0000000088200000, 0x0000000088200000|
| 127|0x0000000088300000, 0x0000000088400000, 0x0000000088400000|100%| E|CS|TS  0|AC  0|TAMS 0x0000000088300000, 0x0000000088300000|

Card table byte_map: [0x0000021b46490000,0x0000021b46890000] byte_map_base: 0x0000021b4608e000

Marking Bits (Prev, Next): (CMBitMap*) 0x0000021b2bd8a860, (CMBitMap*) 0x0000021b2bd8a898
 Prev Bits: [0x0000021b46c90000, 0x0000021b48c80000)
 Next Bits: [0x0000021b48c80000, 0x0000021b4ac70000)

Polling page: 0x0000021b27a40000

CodeHeap 'non-profiled nmethods': size=120064Kb used=223Kb max_used=223Kb free=119840Kb
 bounds [0x0000021b3eb50000, 0x0000021b3edc0000, 0x0000021b46090000]
CodeHeap 'profiled nmethods': size=120000Kb used=1092Kb max_used=1092Kb free=118907Kb
 bounds [0x0000021b37620000, 0x0000021b37890000, 0x0000021b3eb50000]
CodeHeap 'non-nmethods': size=5696Kb used=1342Kb max_used=1354Kb free=4353Kb
 bounds [0x0000021b37090000, 0x0000021b37300000, 0x0000021b37620000]
 total_blobs=1651 nmethods=715 adapters=703
 compilation: enabled

Compilation events (10 events):
Event: 0.955 Thread 0x0000021b4d18a000 nmethod 706 0x0000021b3eb86310 code [0x0000021b3eb864a0, 0x0000021b3eb86838]
Event: 0.956 Thread 0x0000021b4d187000 nmethod 713% 0x0000021b3eb86990 code [0x0000021b3eb86b20, 0x0000021b3eb86d58]
Event: 0.957 Thread 0x0000021b4d18a000  714       4       java.lang.StringBuilder::append (8 bytes)
Event: 0.961 Thread 0x0000021b4d196800  715       3       sun.nio.fs.WindowsPathParser::nextNonSlash (24 bytes)
Event: 0.962 Thread 0x0000021b4d196800 nmethod 715 0x0000021b3772fe10 code [0x0000021b37730040, 0x0000021b37730800]
Event: 0.963 Thread 0x0000021b4d18a000 nmethod 714 0x0000021b3eb86e90 code [0x0000021b3eb87040, 0x0000021b3eb874e8]
Event: 0.963 Thread 0x0000021b4d196800  716   !   3       jdk.internal.loader.URLClassPath$JarLoader::ensureOpen (36 bytes)
Event: 0.963 Thread 0x0000021b4d187000  717       4       java.lang.String::indexOf (7 bytes)
Event: 0.963 Thread 0x0000021b4d196800 nmethod 716 0x0000021b37730b10 code [0x0000021b37730d00, 0x0000021b377311a0]
Event: 0.966 Thread 0x0000021b4d187000 nmethod 717 0x0000021b3eb87790 code [0x0000021b3eb87920, 0x0000021b3eb87ad8]

GC Heap History (0 events):
No events

Deoptimization events (3 events):
Event: 0.135 Thread 0x0000021b2bcff000 Uncommon trap: reason=unstable_if action=reinterpret pc=0x0000021b3eb53b6c method=java.lang.String.hashCode()I @ 14 c2
Event: 0.172 Thread 0x0000021b2bcff000 Uncommon trap: reason=unstable_if action=reinterpret pc=0x0000021b3eb5c788 method=java.util.HashMap.putVal(ILjava/lang/Object;Ljava/lang/Object;ZZ)Ljava/lang/Object; @ 181 c2
Event: 0.325 Thread 0x0000021b2bcff000 Uncommon trap: reason=unstable_if action=reinterpret pc=0x0000021b3eb6050c method=java.lang.String.isLatin1()Z @ 10 c2

Classes redefined (0 events):
No events

Internal exceptions (10 events):
Event: 0.279 Thread 0x0000021b2bcff000 Exception <a 'java/lang/NoSuchMethodError'{0x0000000087f3b280}: method resolution failed> (0x0000000087f3b280) thrown at [t:/workspace/open/src/hotspot/share/prims/methodHandles.cpp, line 1226]
Event: 0.281 Thread 0x0000021b2bcff000 Exception <a 'java/lang/NoSuchMethodError'{0x0000000087f42148}: java.lang.invoke.DirectMethodHandle$Holder.invokeStaticInit(Ljava/lang/Object;Ljava/lang/Object;Ljava/lang/Object;)Ljava/lang/Object;> (0x0000000087f42148) thrown at [t:/workspace/open/src/ho
Event: 0.817 Thread 0x0000021b2bcff000 Exception <a 'java/lang/NoSuchMethodError'{0x0000000087e9ff00}: method resolution failed> (0x0000000087e9ff00) thrown at [t:/workspace/open/src/hotspot/share/prims/methodHandles.cpp, line 1226]
Event: 0.836 Thread 0x0000021b2bcff000 Exception <a 'java/lang/NoSuchMethodError'{0x0000000087ee6890}: java.lang.invoke.DirectMethodHandle$Holder.invokeStatic(Ljava/lang/Object;J)V> (0x0000000087ee6890) thrown at [t:/workspace/open/src/hotspot/share/interpreter/linkResolver.cpp, line 741]
Event: 0.871 Thread 0x0000021b2bcff000 Exception <a 'java/lang/NoSuchMethodError'{0x0000000087d507c0}: java.lang.invoke.DirectMethodHandle$Holder.invokeStatic(Ljava/lang/Object;Ljava/lang/Object;Ljava/lang/Object;Ljava/lang/Object;Ljava/lang/Object;Ljava/lang/Object;Ljava/lang/Object;Ljava/lan
Event: 0.873 Thread 0x0000021b2bcff000 Exception <a 'java/lang/NoSuchMethodError'{0x0000000087d712a0}: java.lang.invoke.DirectMethodHandle$Holder.invokeStatic(Ljava/lang/Object;Ljava/lang/Object;Ljava/lang/Object;Ljava/lang/Object;Ljava/lang/Object;Ljava/lang/Object;Ljava/lang/Object;Ljava/lan
Event: 0.877 Thread 0x0000021b2bcff000 Exception <a 'java/lang/NoSuchMethodError'{0x0000000087d92c88}: java.lang.invoke.DirectMethodHandle$Holder.invokeStatic(Ljava/lang/Object;Ljava/lang/Object;Ljava/lang/Object;Ljava/lang/Object;Ljava/lang/Object;Ljava/lang/Object;Ljava/lang/Object;Ljava/lan
Event: 0.879 Thread 0x0000021b2bcff000 Exception <a 'java/lang/NoSuchMethodError'{0x0000000087db6218}: java.lang.invoke.DirectMethodHandle$Holder.invokeStatic(Ljava/lang/Object;Ljava/lang/Object;Ljava/lang/Object;Ljava/lang/Object;Ljava/lang/Object;Ljava/lang/Object;Ljava/lang/Object;Ljava/lan
Event: 0.962 Thread 0x0000021b2bcff000 Exception <a 'sun/nio/fs/WindowsException'{0x0000000087c3a538}> (0x0000000087c3a538) thrown at [t:/workspace/open/src/hotspot/share/prims/jni.cpp, line 611]
Event: 0.962 Thread 0x0000021b2bcff000 Exception <a 'sun/nio/fs/WindowsException'{0x0000000087c3aa20}> (0x0000000087c3aa20) thrown at [t:/workspace/open/src/hotspot/share/prims/jni.cpp, line 611]

Events (10 events):
Event: 0.962 loading class java/nio/file/FileSystemException done
Event: 0.962 Executing VM operation: Deoptimize
Event: 0.962 Executing VM operation: Deoptimize done
Event: 0.962 loading class java/nio/file/NoSuchFileException done
Event: 0.962 loading class org/lwjgl/opengl/GL$1
Event: 0.962 loading class org/lwjgl/opengl/GL$1 done
Event: 0.963 loading class org/lwjgl/opengl/GL$SharedLibraryGL
Event: 0.963 loading class org/lwjgl/opengl/GL$SharedLibraryGL done
Event: 0.963 loading class org/lwjgl/system/SharedLibrary$Delegate
Event: 0.963 loading class org/lwjgl/system/SharedLibrary$Delegate done


Dynamic libraries:
0x00007ff6803b0000 - 0x00007ff6803ee000 	C:\Program Files\Java\jdk-10\bin\java.exe
0x00007ffb83880000 - 0x00007ffb83a60000 	C:\WINDOWS\SYSTEM32\ntdll.dll
0x00007ffb81350000 - 0x00007ffb813fe000 	C:\WINDOWS\System32\KERNEL32.DLL
0x00007ffb800f0000 - 0x00007ffb80356000 	C:\WINDOWS\System32\KERNELBASE.dll
0x00007ffb82f00000 - 0x00007ffb82fa1000 	C:\WINDOWS\System32\ADVAPI32.dll
0x00007ffb81400000 - 0x00007ffb8149d000 	C:\WINDOWS\System32\msvcrt.dll
0x00007ffb82fb0000 - 0x00007ffb8300b000 	C:\WINDOWS\System32\sechost.dll
0x00007ffb83500000 - 0x00007ffb8361f000 	C:\WINDOWS\System32\RPCRT4.dll
0x00007ffb82910000 - 0x00007ffb82a9f000 	C:\WINDOWS\System32\USER32.dll
0x00007ffb80cd0000 - 0x00007ffb80cf0000 	C:\WINDOWS\System32\win32u.dll
0x00007ffb828e0000 - 0x00007ffb82908000 	C:\WINDOWS\System32\GDI32.dll
0x00007ffb7fd00000 - 0x00007ffb7fe93000 	C:\WINDOWS\System32\gdi32full.dll
0x00007ffb7fea0000 - 0x00007ffb7ff3b000 	C:\WINDOWS\System32\msvcp_win.dll
0x00007ffb7ff40000 - 0x00007ffb80036000 	C:\WINDOWS\System32\ucrtbase.dll
0x00007ffb77680000 - 0x00007ffb778e9000 	C:\WINDOWS\WinSxS\amd64_microsoft.windows.common-controls_6595b64144ccf1df_6.0.16299.125_none_15cbcf8893620c09\COMCTL32.dll
0x00007ffb82aa0000 - 0x00007ffb82da8000 	C:\WINDOWS\System32\combase.dll
0x00007ffb7fc80000 - 0x00007ffb7fcf2000 	C:\WINDOWS\System32\bcryptPrimitives.dll
0x00007ffb7adc0000 - 0x00007ffb7adca000 	C:\WINDOWS\SYSTEM32\VERSION.dll
0x00007ffb837c0000 - 0x00007ffb837ed000 	C:\WINDOWS\System32\IMM32.DLL
0x00007ffb71060000 - 0x00007ffb7114f000 	C:\Program Files\Java\jdk-10\bin\msvcr120.dll
0x00007ffb70fb0000 - 0x00007ffb71056000 	C:\Program Files\Java\jdk-10\bin\msvcp120.dll
0x000000005dd80000 - 0x000000005e7ef000 	C:\Program Files\Java\jdk-10\bin\server\jvm.dll
0x00007ffb83750000 - 0x00007ffb83758000 	C:\WINDOWS\System32\PSAPI.DLL
0x00007ffb731a0000 - 0x00007ffb731a9000 	C:\WINDOWS\SYSTEM32\WSOCK32.dll
0x00007ffb83020000 - 0x00007ffb8308c000 	C:\WINDOWS\System32\WS2_32.dll
0x00007ffb7b060000 - 0x00007ffb7b083000 	C:\WINDOWS\SYSTEM32\WINMM.dll
0x00007ffb7b000000 - 0x00007ffb7b02a000 	C:\WINDOWS\SYSTEM32\WINMMBASE.dll
0x00007ffb80530000 - 0x00007ffb8057a000 	C:\WINDOWS\System32\cfgmgr32.dll
0x00007ffb79fe0000 - 0x00007ffb79fef000 	C:\Program Files\Java\jdk-10\bin\verify.dll
0x00007ffb6ed70000 - 0x00007ffb6ef38000 	C:\WINDOWS\SYSTEM32\DBGHELP.DLL
0x00007ffb6ed40000 - 0x00007ffb6ed69000 	C:\WINDOWS\SYSTEM32\dbgcore.DLL
0x00007ffb723b0000 - 0x00007ffb723d7000 	C:\Program Files\Java\jdk-10\bin\java.dll
0x00007ffb72260000 - 0x00007ffb7228a000 	C:\Program Files\Java\jdk-10\bin\instrument.dll
0x00007ffb72290000 - 0x00007ffb722a6000 	C:\Program Files\Java\jdk-10\bin\zip.dll
0x00007ffb79920000 - 0x00007ffb7992a000 	C:\Program Files\Java\jdk-10\bin\jimage.dll
0x00007ffb814a0000 - 0x00007ffb828d6000 	C:\WINDOWS\System32\SHELL32.dll
0x00007ffb836a0000 - 0x00007ffb83746000 	C:\WINDOWS\System32\shcore.dll
0x00007ffb80580000 - 0x00007ffb80cc7000 	C:\WINDOWS\System32\windows.storage.dll
0x00007ffb837f0000 - 0x00007ffb83841000 	C:\WINDOWS\System32\shlwapi.dll
0x00007ffb7fbd0000 - 0x00007ffb7fbe1000 	C:\WINDOWS\System32\kernel.appcore.dll
0x00007ffb7fc30000 - 0x00007ffb7fc7c000 	C:\WINDOWS\System32\powrprof.dll
0x00007ffb7fc10000 - 0x00007ffb7fc2b000 	C:\WINDOWS\System32\profapi.dll
0x00007ffb72200000 - 0x00007ffb7221a000 	C:\Program Files\Java\jdk-10\bin\net.dll
0x00007ffb7a9a0000 - 0x00007ffb7aa7e000 	C:\WINDOWS\SYSTEM32\WINHTTP.dll
0x00007ffb7f460000 - 0x00007ffb7f4c6000 	C:\WINDOWS\system32\mswsock.dll
0x00007ffb71410000 - 0x00007ffb71421000 	C:\Program Files\Java\jdk-10\bin\nio.dll
0x00007ffb70f90000 - 0x00007ffb70faa000 	C:\Program Files\JetBrains\IntelliJ IDEA Community Edition 2018.1\bin\breakgen64.dll
0x00007ffb70f30000 - 0x00007ffb70f8b000 	C:\Users\docto\AppData\Local\Temp\lwjgldocto\3.1.6-build-14\lwjgl.dll
0x00007ffb5a8c0000 - 0x00007ffb5a911000 	C:\Users\docto\AppData\Local\Temp\lwjgldocto\3.1.6-build-14\glfw.dll
0x00007ffb7df40000 - 0x00007ffb7dfd5000 	C:\WINDOWS\system32\uxtheme.dll
0x00007ffb5b4d0000 - 0x00007ffb5b513000 	C:\WINDOWS\SYSTEM32\dinput8.dll
0x00007ffb6b090000 - 0x00007ffb6b0a0000 	C:\WINDOWS\SYSTEM32\xinput1_4.dll
0x00007ffb7fa00000 - 0x00007ffb7fa27000 	C:\WINDOWS\SYSTEM32\DEVOBJ.dll
0x00007ffb7ba60000 - 0x00007ffb7ba8e000 	C:\WINDOWS\SYSTEM32\inputhost.dll
0x00007ffb7d7b0000 - 0x00007ffb7d88d000 	C:\WINDOWS\SYSTEM32\CoreMessaging.dll
0x00007ffb7bcd0000 - 0x00007ffb7bfbe000 	C:\WINDOWS\SYSTEM32\CoreUIComponents.dll
0x00007ffb7edc0000 - 0x00007ffb7edf1000 	C:\WINDOWS\SYSTEM32\ntmarta.dll
0x00007ffb7bfe0000 - 0x00007ffb7c116000 	C:\WINDOWS\SYSTEM32\wintypes.dll
0x00007ffb7e1b0000 - 0x00007ffb7e1da000 	C:\WINDOWS\SYSTEM32\dwmapi.dll
0x00007ffb83390000 - 0x00007ffb834f7000 	C:\WINDOWS\System32\MSCTF.dll
0x00007ffb83090000 - 0x00007ffb83155000 	C:\WINDOWS\System32\OLEAUT32.dll
0x00007ffb7e9b0000 - 0x00007ffb7e9bc000 	C:\WINDOWS\SYSTEM32\HID.DLL
0x00007ffb80d50000 - 0x00007ffb8119e000 	C:\WINDOWS\System32\SETUPAPI.DLL
0x00007ffb80cf0000 - 0x00007ffb80d48000 	C:\WINDOWS\System32\WINTRUST.dll
0x00007ffb7fbf0000 - 0x00007ffb7fc02000 	C:\WINDOWS\System32\MSASN1.dll
0x00007ffb80360000 - 0x00007ffb8052e000 	C:\WINDOWS\System32\CRYPT32.dll
0x00007ffb65fc0000 - 0x00007ffb660de000 	C:\WINDOWS\SYSTEM32\opengl32.dll
0x00007ffb66af0000 - 0x00007ffb66b1c000 	C:\WINDOWS\SYSTEM32\GLU32.dll
0x000000005ba90000 - 0x000000005dd72000 	C:\WINDOWS\SYSTEM32\nvoglv64.DLL
0x00007ffb82db0000 - 0x00007ffb82ef9000 	C:\WINDOWS\System32\ole32.dll
0x00007ffb7af80000 - 0x00007ffb7af93000 	C:\WINDOWS\SYSTEM32\WTSAPI32.dll
0x00007ffb6fdb0000 - 0x00007ffb70016000 	C:\WINDOWS\system32\nvspcap64.dll
0x00007ffb7f0b0000 - 0x00007ffb7f105000 	C:\WINDOWS\SYSTEM32\WINSTA.dll
0x00007ffb718c0000 - 0x00007ffb71958000 	C:\WINDOWS\System32\TextInputFramework.dll
0x00007ffb59ee0000 - 0x00007ffb59f3f000 	C:\Users\docto\AppData\Local\Temp\lwjgldocto\3.1.6-build-14\lwjgl_opengl.dll

dbghelp: loaded successfully - version: 4.0.5 - missing functions: none
symbol engine: initialized successfully - sym options: 0x614 - pdb path: .;C:\Program Files\Java\jdk-10\bin;C:\WINDOWS\SYSTEM32;C:\WINDOWS\WinSxS\amd64_microsoft.windows.common-controls_6595b64144ccf1df_6.0.16299.125_none_15cbcf8893620c09;C:\Program Files\Java\jdk-10\bin\server;C:\Program Files\JetBrains\IntelliJ IDEA Community Edition 2018.1\bin;C:\Users\docto\AppData\Local\Temp\lwjgldocto\3.1.6-build-14

VM Arguments:
jvm_args: -javaagent:C:\Program Files\JetBrains\IntelliJ IDEA Community Edition 2018.1\lib\idea_rt.jar=52909:C:\Program Files\JetBrains\IntelliJ IDEA Community Edition 2018.1\bin -Dfile.encoding=UTF-8 
java_command: main.Start
java_class_path (initial): C:\Users\docto\IdeaProjects\Engine\out\production\Engine;C:\Program Files\JetBrains\IntelliJ IDEA Community Edition 2018.1\redist\annotations-java8.jar;C:\Users\docto\IdeaProjects\Engine\libs\lwjgl3\lwjgl.jar;C:\Users\docto\IdeaProjects\Engine\libs\lwjgl3\lwjgl-natives-windows.jar;C:\Users\docto\IdeaProjects\Engine\libs\lwjgl2\lwjgl_util.jar;C:\Users\docto\IdeaProjects\Engine\libs\lwjgl-opengl\lwjgl-opengl.jar;C:\Users\docto\IdeaProjects\Engine\libs\lwjgl-opengl\lwjgl-opengl-natives-windows.jar;C:\Users\docto\IdeaProjects\Engine\libs\lwjgl-opencl\lwjgl-opencl.jar;C:\Users\docto\IdeaProjects\Engine\libs\lwjgl-openal\lwjgl-openal.jar;C:\Users\docto\IdeaProjects\Engine\libs\lwjgl-openal\lwjgl-openal-natives-windows.jar;C:\Users\docto\IdeaProjects\Engine\libs\lwjgl-glfw\lwjgl-glfw.jar;C:\Users\docto\IdeaProjects\Engine\libs\lwjgl-glfw\lwjgl-glfw-natives-windows.jar
Launcher Type: SUN_STANDARD

Logging:
Log output configuration:
#0: stdout all=warning uptime,level,tags
#1: stderr all=off uptime,level,tags

Environment Variables:
PATH=C:\Program Files\Oculus\Support\oculus-runtime;C:\ProgramData\Oracle\Java\javapath;C:\Windows\system32;C:\Windows;C:\Windows\System32\Wbem;C:\Windows\System32\WindowsPowerShell\v1.0\;C:\Program Files (x86)\NVIDIA Corporation\PhysX\Common;C:\Program Files (x86)\GtkSharp\2.12\bin;C:\Program Files (x86)\Skype\Phone\;C:\WINDOWS\system32;C:\WINDOWS;C:\WINDOWS\System32\Wbem;C:\WINDOWS\System32\WindowsPowerShell\v1.0\;C:\Program Files\dotnet\;C:\Program Files\Microsoft DNX\Dnvm\;C:\Program Files\Microsoft SQL Server\130\Tools\Binn\;C:\Program Files\Git\cmd;C:\Users\docto\AppData\Local\Microsoft\WindowsApps;
USERNAME=docto
OS=Windows_NT
PROCESSOR_IDENTIFIER=Intel64 Family 6 Model 42 Stepping 7, GenuineIntel



---------------  S Y S T E M  ---------------

OS: Windows 10 , 64 bit Build 16299 (10.0.16299.15)

CPU:total 4 (initial active 4) (4 cores per cpu, 1 threads per core) family 6 model 42 stepping 7, cmov, cx8, fxsr, mmx, sse, sse2, sse3, ssse3, sse4.1, sse4.2, popcnt, avx, aes, clmul, tsc, tscinvbit

Memory: 4k page, physical 8371636k(2049332k free), swap 11602180k(3845252k free)

vm_info: Java HotSpot(TM) 64-Bit Server VM (10+46) for windows-amd64 JRE (10+46), built on Mar  8 2018 02:11:18 by "mach5one" with MS VC++ 12.0 (VS2013)

END.
